;  LST file generated by mikroListExporter - v.2.0 
; Date/Time: 27/03/2015 10:05:33
;----------------------------------------------

;Address Opcode 	ASM
0x0000	0xF004EF5B  	GOTO        2230
_interrupt:
;MyProject.c,23 :: 		void interrupt(){
0x0008	0xF018C000  	MOVFF       R0, 24
0x000C	0xF017C001  	MOVFF       R1, 23
0x0010	0xF016C00C  	MOVFF       R12, 22
0x0014	0xF015C00D  	MOVFF       R13, 21
;MyProject.c,24 :: 		if((INTCON.INT0IF==1) && (INTCON.INT0IE==1)){
0x0018	0xA2F2      	BTFSS       INTCON, 1 
0x001A	0xD054      	BRA         L_interrupt2
0x001C	0xA8F2      	BTFSS       INTCON, 4 
0x001E	0xD052      	BRA         L_interrupt2
L__interrupt5:
;MyProject.c,25 :: 		tiempo = TMR0L;
0x0020	0xF01DCFD6  	MOVFF       TMR0L, _tiempo
0x0024	0x0E00      	MOVLW       0
0x0026	0x6E1E      	MOVWF       _tiempo+1 
;MyProject.c,26 :: 		tiempo = tiempo + (TMR0H << 8);
0x0028	0xF001CFD7  	MOVFF       TMR0H, R1
0x002C	0x6A00      	CLRF        R0 
0x002E	0x501D      	MOVF        _tiempo, 0 
0x0030	0x2600      	ADDWF       R0, 1 
0x0032	0x501E      	MOVF        _tiempo+1, 0 
0x0034	0x2201      	ADDWFC      R1, 1 
0x0036	0xF01DC000  	MOVFF       R0, _tiempo
0x003A	0xF01EC001  	MOVFF       R1, _tiempo+1
;MyProject.c,27 :: 		TMR0H = 0;
0x003E	0x6AD7      	CLRF        TMR0H 
;MyProject.c,28 :: 		TMR0L = 0;
0x0040	0x6AD6      	CLRF        TMR0L 
;MyProject.c,29 :: 		x = 0.000064 * tiempo;  // Prescaler = 128
0x0042	0xDB6B      	RCALL       _Word2Double
0x0044	0x0EBD      	MOVLW       189
0x0046	0x6E04      	MOVWF       R4 
0x0048	0x0E37      	MOVLW       55
0x004A	0x6E05      	MOVWF       R5 
0x004C	0x0E06      	MOVLW       6
0x004E	0x6E06      	MOVWF       R6 
0x0050	0x0E71      	MOVLW       113
0x0052	0x6E07      	MOVWF       R7 
0x0054	0xDA65      	RCALL       _Mul_32x32_FP
0x0056	0xF019C000  	MOVFF       R0, _x
0x005A	0xF01AC001  	MOVFF       R1, _x+1
0x005E	0xF01BC002  	MOVFF       R2, _x+2
0x0062	0xF01CC003  	MOVFF       R3, _x+3
;MyProject.c,30 :: 		pulso = (int) 60 / x;
0x0066	0xF004C000  	MOVFF       R0, R4
0x006A	0xF005C001  	MOVFF       R1, R5
0x006E	0xF006C002  	MOVFF       R2, R6
0x0072	0xF007C003  	MOVFF       R3, R7
0x0076	0x0E00      	MOVLW       0
0x0078	0x6E00      	MOVWF       R0 
0x007A	0x0E00      	MOVLW       0
0x007C	0x6E01      	MOVWF       R1 
0x007E	0x0E70      	MOVLW       112
0x0080	0x6E02      	MOVWF       R2 
0x0082	0x0E84      	MOVLW       132
0x0084	0x6E03      	MOVWF       R3 
0x0086	0xDB5D      	RCALL       _Div_32x32_FP
0x0088	0xDADB      	RCALL       _Double2Word
0x008A	0xF01FC000  	MOVFF       R0, _pulso
0x008E	0xF020C001  	MOVFF       R1, _pulso+1
;MyProject.c,31 :: 		lcd_cmd(_lcd_clear);
0x0092	0x0E01      	MOVLW       1
0x0094	0x6E42      	MOVWF       FARG_Lcd_Cmd_out_char 
0x0096	0xD861      	RCALL       _Lcd_Cmd
;MyProject.c,32 :: 		lcd_cmd(_lcd_cursor_off);
0x0098	0x0E0C      	MOVLW       12
0x009A	0x6E42      	MOVWF       FARG_Lcd_Cmd_out_char 
0x009C	0xD85E      	RCALL       _Lcd_Cmd
;MyProject.c,33 :: 		IntToStr(pulso,texto);
0x009E	0xF031C01F  	MOVFF       _pulso, FARG_IntToStr_input
0x00A2	0xF032C020  	MOVFF       _pulso+1, FARG_IntToStr_input+1
0x00A6	0x0E21      	MOVLW       _texto
0x00A8	0x6E33      	MOVWF       FARG_IntToStr_output 
0x00AA	0x0E00      	MOVLW       hi_addr(_texto)
0x00AC	0x6E34      	MOVWF       FARG_IntToStr_output+1 
0x00AE	0xD979      	RCALL       _IntToStr
;MyProject.c,34 :: 		lcd_out(1,1,texto);
0x00B0	0x0E01      	MOVLW       1
0x00B2	0x6E31      	MOVWF       FARG_Lcd_Out_row 
0x00B4	0x0E01      	MOVLW       1
0x00B6	0x6E32      	MOVWF       FARG_Lcd_Out_column 
0x00B8	0x0E21      	MOVLW       _texto
0x00BA	0x6E33      	MOVWF       FARG_Lcd_Out_text 
0x00BC	0x0E00      	MOVLW       hi_addr(_texto)
0x00BE	0x6E34      	MOVWF       FARG_Lcd_Out_text+1 
0x00C0	0xD933      	RCALL       _Lcd_Out
;MyProject.c,37 :: 		INTCON.INT0IF=0;
0x00C2	0x92F2      	BCF         INTCON, 1 
;MyProject.c,38 :: 		}
L_interrupt2:
;MyProject.c,39 :: 		}
L_end_interrupt:
L__interrupt7:
0x00C4	0xF000C018  	MOVFF       24, R0
0x00C8	0xF001C017  	MOVFF       23, R1
0x00CC	0xF00CC016  	MOVFF       22, R12
0x00D0	0xF00DC015  	MOVFF       21, R13
0x00D4	0x0011      	RETFIE      1
; end of _interrupt
_Delay_5500us:
;__Lib_Delays.c,31 :: 		void Delay_5500us() {
;__Lib_Delays.c,32 :: 		Delay_us(5500);
0x00D6	0x0E0F      	MOVLW       15
0x00D8	0x6E0C      	MOVWF       R12, 0
0x00DA	0x0E47      	MOVLW       71
0x00DC	0x6E0D      	MOVWF       R13, 0
L_Delay_5500us5:
0x00DE	0x2E0D      	DECFSZ      R13, 1, 0
0x00E0	0xD7FE      	BRA         L_Delay_5500us5
0x00E2	0x2E0C      	DECFSZ      R12, 1, 0
0x00E4	0xD7FC      	BRA         L_Delay_5500us5
0x00E6	0x0000      	NOP
0x00E8	0x0000      	NOP
;__Lib_Delays.c,33 :: 		}
L_end_Delay_5500us:
0x00EA	0x0012      	RETURN      0
; end of _Delay_5500us
_Delay_1us:
;__Lib_Delays.c,7 :: 		void Delay_1us() {
;__Lib_Delays.c,8 :: 		Delay_us(1);
0x00EC	0x0000      	NOP
0x00EE	0x0000      	NOP
;__Lib_Delays.c,9 :: 		}
L_end_Delay_1us:
0x00F0	0x0012      	RETURN      0
; end of _Delay_1us
_Delay_50us:
;__Lib_Delays.c,19 :: 		void Delay_50us() {
;__Lib_Delays.c,20 :: 		Delay_us(50);
0x00F2	0x0E21      	MOVLW       33
0x00F4	0x6E0D      	MOVWF       R13, 0
L_Delay_50us2:
0x00F6	0x2E0D      	DECFSZ      R13, 1, 0
0x00F8	0xD7FE      	BRA         L_Delay_50us2
;__Lib_Delays.c,21 :: 		}
L_end_Delay_50us:
0x00FA	0x0012      	RETURN      0
; end of _Delay_50us
_SETFUN32:
;__Lib_MathDouble.c,144 :: 		
;__Lib_MathDouble.c,152 :: 		
0x00FC	0x840B      	BSF         R11, 2, 0
;__Lib_MathDouble.c,153 :: 		
0x00FE	0xAE0B      	BTFSS       R11, 7, 0
;__Lib_MathDouble.c,154 :: 		
0x0100	0xF000EF89  	GOTO        SETFUN32EEE
;__Lib_MathDouble.c,156 :: 		
0x0104	0x0E01      	MOVLW       1
;__Lib_MathDouble.c,157 :: 		
0x0106	0x6E03      	MOVWF       R3, 0
;__Lib_MathDouble.c,158 :: 		
0x0108	0x6A02      	CLRF        R2, 0
;__Lib_MathDouble.c,159 :: 		
0x010A	0x6A01      	CLRF        R1, 0
;__Lib_MathDouble.c,160 :: 		
0x010C	0x6A00      	CLRF        R0, 0
;__Lib_MathDouble.c,161 :: 		
0x010E	0x360A      	RLCF        R10, 1, 0
;__Lib_MathDouble.c,162 :: 		
0x0110	0x3202      	RRCF        R2, 1, 0
;__Lib_MathDouble.c,163 :: 		
SETFUN32EEE:
;__Lib_MathDouble.c,164 :: 		
0x0112	0x0EFF      	MOVLW       255
;__Lib_MathDouble.c,166 :: 		
L_end_SETFUN32:
0x0114	0x0012      	RETURN      0
; end of _SETFUN32
_Div_16x16_U:
;__Lib_Math.c,102 :: 		
;__Lib_Math.c,109 :: 		
0x0116	0x6A08      	CLRF        R8, 0
;__Lib_Math.c,110 :: 		
0x0118	0x6A09      	CLRF        R9, 0
;__Lib_Math.c,111 :: 		
0x011A	0x0E10      	MOVLW       16
;__Lib_Math.c,112 :: 		
0x011C	0x6E0C      	MOVWF       R12, 0
;__Lib_Math.c,113 :: 		
0x011E	0x3401      	RLCF        R1, 0, 0
;__Lib_Math.c,114 :: 		
0x0120	0x3608      	RLCF        R8, 1, 0
;__Lib_Math.c,115 :: 		
0x0122	0x3609      	RLCF        R9, 1, 0
;__Lib_Math.c,116 :: 		
0x0124	0x5004      	MOVF        R4, 0, 0
;__Lib_Math.c,117 :: 		
0x0126	0x5E08      	SUBWF       R8, 1, 0
;__Lib_Math.c,118 :: 		
0x0128	0x5005      	MOVF        R5, 0, 0
;__Lib_Math.c,119 :: 		
0x012A	0xA0D8      	BTFSS       STATUS, 0, 0
;__Lib_Math.c,120 :: 		
0x012C	0x3C05      	INCFSZ      R5, 0, 0
;__Lib_Math.c,121 :: 		
0x012E	0x5E09      	SUBWF       R9, 1, 0
;__Lib_Math.c,122 :: 		
0x0130	0xB0D8      	BTFSC       STATUS, 0, 0
;__Lib_Math.c,123 :: 		
0x0132	0xD007      	BRA         $+16
;__Lib_Math.c,124 :: 		
0x0134	0x5004      	MOVF        R4, 0, 0
;__Lib_Math.c,125 :: 		
0x0136	0x2608      	ADDWF       R8, 1, 0
;__Lib_Math.c,126 :: 		
0x0138	0x5005      	MOVF        R5, 0, 0
;__Lib_Math.c,127 :: 		
0x013A	0xB0D8      	BTFSC       STATUS, 0, 0
;__Lib_Math.c,128 :: 		
0x013C	0x3C05      	INCFSZ      R5, 0, 0
;__Lib_Math.c,129 :: 		
0x013E	0x2609      	ADDWF       R9, 1, 0
;__Lib_Math.c,130 :: 		
0x0140	0x90D8      	BCF         STATUS, 0, 0
;__Lib_Math.c,131 :: 		
0x0142	0x3600      	RLCF        R0, 1, 0
;__Lib_Math.c,132 :: 		
0x0144	0x3601      	RLCF        R1, 1, 0
;__Lib_Math.c,133 :: 		
0x0146	0x2E0C      	DECFSZ      R12, 1, 0
;__Lib_Math.c,134 :: 		
0x0148	0xD7EA      	BRA         $-42
;__Lib_Math.c,136 :: 		
L_end_Div_16x16_U:
0x014A	0x0012      	RETURN      0
; end of _Div_16x16_U
_RES032:
;__Lib_MathDouble.c,128 :: 		
;__Lib_MathDouble.c,134 :: 		
0x014C	0x6A02      	CLRF        R2, 0
;__Lib_MathDouble.c,135 :: 		
0x014E	0x6A01      	CLRF        R1, 0
;__Lib_MathDouble.c,136 :: 		
0x0150	0x6A00      	CLRF        R0, 0
;__Lib_MathDouble.c,137 :: 		
0x0152	0x6A08      	CLRF        R8, 0
;__Lib_MathDouble.c,138 :: 		
0x0154	0x6A03      	CLRF        R3, 0
;__Lib_MathDouble.c,139 :: 		
0x0156	0x0E00      	MOVLW       0
;__Lib_MathDouble.c,141 :: 		
L_end_RES032:
0x0158	0x0012      	RETURN      0
; end of _RES032
_Lcd_Cmd:
;__Lib_Lcd.c,18 :: 		
;__Lib_Lcd.c,20 :: 		
0x015A	0xBE42      	BTFSC       FARG_Lcd_Cmd_out_char, 7 
0x015C	0xD002      	BRA         L__Lcd_Cmd21
0x015E	0x9E83      	BCF         LCD_D7, BitPos(LCD_D7+0) 
0x0160	0xD001      	BRA         L__Lcd_Cmd22
L__Lcd_Cmd21:
0x0162	0x8E83      	BSF         LCD_D7, BitPos(LCD_D7+0) 
L__Lcd_Cmd22:
;__Lib_Lcd.c,21 :: 		
0x0164	0xBC42      	BTFSC       FARG_Lcd_Cmd_out_char, 6 
0x0166	0xD002      	BRA         L__Lcd_Cmd23
0x0168	0x9C83      	BCF         LCD_D6, BitPos(LCD_D6+0) 
0x016A	0xD001      	BRA         L__Lcd_Cmd24
L__Lcd_Cmd23:
0x016C	0x8C83      	BSF         LCD_D6, BitPos(LCD_D6+0) 
L__Lcd_Cmd24:
;__Lib_Lcd.c,22 :: 		
0x016E	0xBA42      	BTFSC       FARG_Lcd_Cmd_out_char, 5 
0x0170	0xD002      	BRA         L__Lcd_Cmd25
0x0172	0x9A83      	BCF         LCD_D5, BitPos(LCD_D5+0) 
0x0174	0xD001      	BRA         L__Lcd_Cmd26
L__Lcd_Cmd25:
0x0176	0x8A83      	BSF         LCD_D5, BitPos(LCD_D5+0) 
L__Lcd_Cmd26:
;__Lib_Lcd.c,23 :: 		
0x0178	0xB842      	BTFSC       FARG_Lcd_Cmd_out_char, 4 
0x017A	0xD002      	BRA         L__Lcd_Cmd27
0x017C	0x9883      	BCF         LCD_D4, BitPos(LCD_D4+0) 
0x017E	0xD001      	BRA         L__Lcd_Cmd28
L__Lcd_Cmd27:
0x0180	0x8883      	BSF         LCD_D4, BitPos(LCD_D4+0) 
L__Lcd_Cmd28:
;__Lib_Lcd.c,25 :: 		
0x0182	0xB030      	BTFSC       __Lib_Lcd_cmd_status, BitPos(__Lib_Lcd_cmd_status+0) 
0x0184	0xD002      	BRA         L__Lcd_Cmd29
0x0186	0x8483      	BSF         LCD_RS, BitPos(LCD_RS+0) 
0x0188	0xD001      	BRA         L__Lcd_Cmd30
L__Lcd_Cmd29:
0x018A	0x9483      	BCF         LCD_RS, BitPos(LCD_RS+0) 
L__Lcd_Cmd30:
;__Lib_Lcd.c,28 :: 		
0x018C	0x8683      	BSF         LCD_EN, BitPos(LCD_EN+0) 
;__Lib_Lcd.c,29 :: 		
0x018E	0xDFAE      	RCALL       _Delay_1us
;__Lib_Lcd.c,30 :: 		
0x0190	0x9683      	BCF         LCD_EN, BitPos(LCD_EN+0) 
;__Lib_Lcd.c,33 :: 		
0x0192	0xB642      	BTFSC       FARG_Lcd_Cmd_out_char, 3 
0x0194	0xD002      	BRA         L__Lcd_Cmd31
0x0196	0x9E83      	BCF         LCD_D7, BitPos(LCD_D7+0) 
0x0198	0xD001      	BRA         L__Lcd_Cmd32
L__Lcd_Cmd31:
0x019A	0x8E83      	BSF         LCD_D7, BitPos(LCD_D7+0) 
L__Lcd_Cmd32:
;__Lib_Lcd.c,34 :: 		
0x019C	0xB442      	BTFSC       FARG_Lcd_Cmd_out_char, 2 
0x019E	0xD002      	BRA         L__Lcd_Cmd33
0x01A0	0x9C83      	BCF         LCD_D6, BitPos(LCD_D6+0) 
0x01A2	0xD001      	BRA         L__Lcd_Cmd34
L__Lcd_Cmd33:
0x01A4	0x8C83      	BSF         LCD_D6, BitPos(LCD_D6+0) 
L__Lcd_Cmd34:
;__Lib_Lcd.c,35 :: 		
0x01A6	0xB242      	BTFSC       FARG_Lcd_Cmd_out_char, 1 
0x01A8	0xD002      	BRA         L__Lcd_Cmd35
0x01AA	0x9A83      	BCF         LCD_D5, BitPos(LCD_D5+0) 
0x01AC	0xD001      	BRA         L__Lcd_Cmd36
L__Lcd_Cmd35:
0x01AE	0x8A83      	BSF         LCD_D5, BitPos(LCD_D5+0) 
L__Lcd_Cmd36:
;__Lib_Lcd.c,36 :: 		
0x01B0	0xB042      	BTFSC       FARG_Lcd_Cmd_out_char, 0 
0x01B2	0xD002      	BRA         L__Lcd_Cmd37
0x01B4	0x9883      	BCF         LCD_D4, BitPos(LCD_D4+0) 
0x01B6	0xD001      	BRA         L__Lcd_Cmd38
L__Lcd_Cmd37:
0x01B8	0x8883      	BSF         LCD_D4, BitPos(LCD_D4+0) 
L__Lcd_Cmd38:
;__Lib_Lcd.c,38 :: 		
0x01BA	0xB030      	BTFSC       __Lib_Lcd_cmd_status, BitPos(__Lib_Lcd_cmd_status+0) 
0x01BC	0xD002      	BRA         L__Lcd_Cmd39
0x01BE	0x8483      	BSF         LCD_RS, BitPos(LCD_RS+0) 
0x01C0	0xD001      	BRA         L__Lcd_Cmd40
L__Lcd_Cmd39:
0x01C2	0x9483      	BCF         LCD_RS, BitPos(LCD_RS+0) 
L__Lcd_Cmd40:
;__Lib_Lcd.c,40 :: 		
0x01C4	0x8683      	BSF         LCD_EN, BitPos(LCD_EN+0) 
;__Lib_Lcd.c,41 :: 		
0x01C6	0xDF92      	RCALL       _Delay_1us
;__Lib_Lcd.c,42 :: 		
0x01C8	0x9683      	BCF         LCD_EN, BitPos(LCD_EN+0) 
;__Lib_Lcd.c,44 :: 		
0x01CA	0xA030      	BTFSS       __Lib_Lcd_cmd_status, BitPos(__Lib_Lcd_cmd_status+0) 
0x01CC	0xD002      	BRA         L_Lcd_Cmd0
;__Lib_Lcd.c,45 :: 		
0x01CE	0xDF83      	RCALL       _Delay_5500us
0x01D0	0xD001      	BRA         L_Lcd_Cmd1
L_Lcd_Cmd0:
;__Lib_Lcd.c,47 :: 		
0x01D2	0xDF8F      	RCALL       _Delay_50us
L_Lcd_Cmd1:
;__Lib_Lcd.c,48 :: 		
L_end_Lcd_Cmd:
0x01D4	0x0012      	RETURN      0
; end of _Lcd_Cmd
_FIXSIGN32:
;__Lib_MathDouble.c,117 :: 		
;__Lib_MathDouble.c,121 :: 		
0x01D6	0xAE0A      	BTFSS       R10, 7, 0
;__Lib_MathDouble.c,122 :: 		
0x01D8	0x9E02      	BCF         R2, 7, 0
;__Lib_MathDouble.c,123 :: 		
0x01DA	0x0E00      	MOVLW       0
;__Lib_MathDouble.c,125 :: 		
L_end_FIXSIGN32:
0x01DC	0x0012      	RETURN      0
; end of _FIXSIGN32
_NRM3232:
;__Lib_MathDouble.c,455 :: 		
;__Lib_MathDouble.c,463 :: 		
0x01DE	0x6A0C      	CLRF        R12, 0
;__Lib_MathDouble.c,464 :: 		
0x01E0	0x6A0E      	CLRF        R14, 0
;__Lib_MathDouble.c,465 :: 		
0x01E2	0x5002      	MOVF        R2, 0, 0
;__Lib_MathDouble.c,466 :: 		
0x01E4	0xA4D8      	BTFSS       STATUS, 2, 0
;__Lib_MathDouble.c,467 :: 		
0x01E6	0xF001EF08  	GOTO        NORM3232
;__Lib_MathDouble.c,468 :: 		
0x01EA	0xF002C001  	MOVFF       R1, R2
;__Lib_MathDouble.c,469 :: 		
0x01EE	0xF001C000  	MOVFF       R0, R1
;__Lib_MathDouble.c,470 :: 		
0x01F2	0x6A00      	CLRF        R0, 0
;__Lib_MathDouble.c,471 :: 		
0x01F4	0x860E      	BSF         R14, 3, 0
;__Lib_MathDouble.c,473 :: 		
0x01F6	0x5002      	MOVF        R2, 0, 0
;__Lib_MathDouble.c,474 :: 		
0x01F8	0xA4D8      	BTFSS       STATUS, 2, 0
;__Lib_MathDouble.c,475 :: 		
0x01FA	0xF001EF08  	GOTO        NORM3232
;__Lib_MathDouble.c,476 :: 		
0x01FE	0xF002C001  	MOVFF       R1, R2
;__Lib_MathDouble.c,477 :: 		
0x0202	0x6A01      	CLRF        R1, 0
;__Lib_MathDouble.c,478 :: 		
0x0204	0x960E      	BCF         R14, 3, 0
;__Lib_MathDouble.c,479 :: 		
0x0206	0x880E      	BSF         R14, 4, 0
;__Lib_MathDouble.c,481 :: 		
0x0208	0x5002      	MOVF        R2, 0, 0
;__Lib_MathDouble.c,482 :: 		
0x020A	0xB4D8      	BTFSC       STATUS, 2, 0
;__Lib_MathDouble.c,483 :: 		
0x020C	0xF001EF1A  	GOTO        JPNRES032
;__Lib_MathDouble.c,484 :: 		
NORM3232:
;__Lib_MathDouble.c,485 :: 		
0x0210	0x500E      	MOVF        R14, 0, 0
;__Lib_MathDouble.c,486 :: 		
0x0212	0x5E03      	SUBWF       R3, 1, 0
;__Lib_MathDouble.c,487 :: 		
0x0214	0xA4D8      	BTFSS       STATUS, 2, 0
;__Lib_MathDouble.c,488 :: 		
0x0216	0xA0D8      	BTFSS       STATUS, 0, 0
;__Lib_MathDouble.c,489 :: 		
0x0218	0xF001EF1F  	GOTO        JPNSETFUN32
;__Lib_MathDouble.c,490 :: 		
0x021C	0x90D8      	BCF         STATUS, 0, 0
;__Lib_MathDouble.c,491 :: 		
NORM3232A:
;__Lib_MathDouble.c,492 :: 		
0x021E	0xBE02      	BTFSC       R2, 7, 0
;__Lib_MathDouble.c,493 :: 		
0x0220	0xF001EF24  	GOTO        JMPNFIXSIGN32
;__Lib_MathDouble.c,494 :: 		
0x0224	0x3600      	RLCF        R0, 1, 0
;__Lib_MathDouble.c,495 :: 		
0x0226	0x3601      	RLCF        R1, 1, 0
;__Lib_MathDouble.c,496 :: 		
0x0228	0x3602      	RLCF        R2, 1, 0
;__Lib_MathDouble.c,497 :: 		
0x022A	0x2E03      	DECFSZ      R3, 1, 0
;__Lib_MathDouble.c,498 :: 		
0x022C	0xF001EF0F  	GOTO        NORM3232A
;__Lib_MathDouble.c,499 :: 		
0x0230	0xF001EF1F  	GOTO        JPNSETFUN32
;__Lib_MathDouble.c,500 :: 		
JPNRES032:
;__Lib_MathDouble.c,501 :: 		
0x0234	0x0E01      	MOVLW       1
;__Lib_MathDouble.c,502 :: 		
0x0236	0x6E0C      	MOVWF       R12, 0
;__Lib_MathDouble.c,504 :: 		
0x0238	0xDF89      	RCALL       _RES032
;__Lib_MathDouble.c,506 :: 		
0x023A	0xF001EF27  	GOTO        NORM32EEE
;__Lib_MathDouble.c,507 :: 		
JPNSETFUN32:
;__Lib_MathDouble.c,508 :: 		
0x023E	0x0E02      	MOVLW       2
;__Lib_MathDouble.c,509 :: 		
0x0240	0x6E0C      	MOVWF       R12, 0
;__Lib_MathDouble.c,511 :: 		
0x0242	0xDF5C      	RCALL       _SETFUN32
;__Lib_MathDouble.c,513 :: 		
0x0244	0xF001EF27  	GOTO        NORM32EEE
;__Lib_MathDouble.c,514 :: 		
JMPNFIXSIGN32:
;__Lib_MathDouble.c,515 :: 		
0x0248	0x0E04      	MOVLW       4
;__Lib_MathDouble.c,516 :: 		
0x024A	0x6E0C      	MOVWF       R12, 0
;__Lib_MathDouble.c,518 :: 		
0x024C	0xDFC4      	RCALL       _FIXSIGN32
;__Lib_MathDouble.c,520 :: 		
NORM32EEE:
;__Lib_MathDouble.c,527 :: 		
L_end_NRM3232:
0x024E	0x0012      	RETURN      0
; end of _NRM3232
_SETFDZ32:
;__Lib_MathDouble.c,106 :: 		
;__Lib_MathDouble.c,110 :: 		
0x0250	0x6A0B      	CLRF        R11, 0
;__Lib_MathDouble.c,111 :: 		
0x0252	0x860B      	BSF         R11, 3, 0
;__Lib_MathDouble.c,112 :: 		
0x0254	0x0EFF      	MOVLW       255
;__Lib_MathDouble.c,114 :: 		
L_end_SETFDZ32:
0x0256	0x0012      	RETURN      0
; end of _SETFDZ32
_Lcd_Chr_CP:
;__Lib_Lcd.c,50 :: 		
;__Lib_Lcd.c,52 :: 		
0x0258	0x9030      	BCF         __Lib_Lcd_cmd_status, BitPos(__Lib_Lcd_cmd_status+0) 
;__Lib_Lcd.c,53 :: 		
0x025A	0xF042C03B  	MOVFF       FARG_Lcd_Chr_CP_out_char, FARG_Lcd_Cmd_out_char
0x025E	0xDF7D      	RCALL       _Lcd_Cmd
;__Lib_Lcd.c,54 :: 		
0x0260	0x8030      	BSF         __Lib_Lcd_cmd_status, BitPos(__Lib_Lcd_cmd_status+0) 
;__Lib_Lcd.c,55 :: 		
L_end_Lcd_Chr_CP:
0x0262	0x0012      	RETURN      0
; end of _Lcd_Chr_CP
_SETIOV3224:
;__Lib_MathDouble.c,530 :: 		
;__Lib_MathDouble.c,537 :: 		
0x0264	0x800B      	BSF         R11, 0, 0
;__Lib_MathDouble.c,538 :: 		
0x0266	0xAE0B      	BTFSS       R11, 7, 0
;__Lib_MathDouble.c,539 :: 		
0x0268	0xF001EF3E  	GOTO        SETIOV3224EEE
;__Lib_MathDouble.c,541 :: 		
0x026C	0x6A02      	CLRF        R2, 0
;__Lib_MathDouble.c,542 :: 		
0x026E	0xAE0A      	BTFSS       R10, 7, 0
;__Lib_MathDouble.c,543 :: 		
0x0270	0x0EFF      	MOVLW       255
;__Lib_MathDouble.c,544 :: 		
0x0272	0x6E02      	MOVWF       R2, 0
;__Lib_MathDouble.c,545 :: 		
0x0274	0x6E01      	MOVWF       R1, 0
;__Lib_MathDouble.c,546 :: 		
0x0276	0x6E00      	MOVWF       R0, 0
;__Lib_MathDouble.c,547 :: 		
0x0278	0x360A      	RLCF        R10, 1, 0
;__Lib_MathDouble.c,548 :: 		
0x027A	0x3202      	RRCF        R2, 1, 0
;__Lib_MathDouble.c,549 :: 		
SETIOV3224EEE:
;__Lib_MathDouble.c,550 :: 		
0x027C	0x0EFF      	MOVLW       255
;__Lib_MathDouble.c,552 :: 		
L_end_SETIOV3224:
0x027E	0x0012      	RETURN      0
; end of _SETIOV3224
_SETFOV32:
;__Lib_MathDouble.c,82 :: 		
;__Lib_MathDouble.c,90 :: 		
0x0280	0x820B      	BSF         R11, 1, 0
;__Lib_MathDouble.c,91 :: 		
0x0282	0xAE0B      	BTFSS       R11, 7, 0
;__Lib_MathDouble.c,92 :: 		
0x0284	0xF001EF4A  	GOTO        SETFOV32EEE
;__Lib_MathDouble.c,94 :: 		
0x0288	0x6803      	SETF        R3, 0
;__Lib_MathDouble.c,95 :: 		
0x028A	0x6802      	SETF        R2, 0
;__Lib_MathDouble.c,96 :: 		
0x028C	0x6801      	SETF        R1, 0
;__Lib_MathDouble.c,97 :: 		
0x028E	0x6800      	SETF        R0, 0
;__Lib_MathDouble.c,98 :: 		
0x0290	0x360A      	RLCF        R10, 1, 0
;__Lib_MathDouble.c,99 :: 		
0x0292	0x3202      	RRCF        R2, 1, 0
;__Lib_MathDouble.c,100 :: 		
SETFOV32EEE:
;__Lib_MathDouble.c,101 :: 		
0x0294	0x0EFF      	MOVLW       255
;__Lib_MathDouble.c,103 :: 		
L_end_SETFOV32:
0x0296	0x0012      	RETURN      0
; end of _SETFOV32
_WordToStr:
;__Lib_Conversions.c,84 :: 		
;__Lib_Conversions.c,89 :: 		
0x0298	0x6A3F      	CLRF        WordToStr_len_L0 
L_WordToStr6:
0x029A	0x0E05      	MOVLW       5
0x029C	0x5C3F      	SUBWF       WordToStr_len_L0, 0 
0x029E	0xE20A      	BC          L_WordToStr7
;__Lib_Conversions.c,90 :: 		
0x02A0	0x503F      	MOVF        WordToStr_len_L0, 0 
0x02A2	0x243D      	ADDWF       FARG_WordToStr_output, 0 
0x02A4	0x6EE1      	MOVWF       FSR1L 
0x02A6	0x0E00      	MOVLW       0
0x02A8	0x203E      	ADDWFC      FARG_WordToStr_output+1, 0 
0x02AA	0x6EE2      	MOVWF       FSR1H 
0x02AC	0x0E20      	MOVLW       32
0x02AE	0x6EE6      	MOVWF       POSTINC1 
;__Lib_Conversions.c,89 :: 		
0x02B0	0x2A3F      	INCF        WordToStr_len_L0, 1 
;__Lib_Conversions.c,90 :: 		
0x02B2	0xD7F3      	BRA         L_WordToStr6
L_WordToStr7:
;__Lib_Conversions.c,91 :: 		
0x02B4	0x503F      	MOVF        WordToStr_len_L0, 0 
0x02B6	0x243D      	ADDWF       FARG_WordToStr_output, 0 
0x02B8	0x6EE1      	MOVWF       FSR1L 
0x02BA	0x0E00      	MOVLW       0
0x02BC	0x203E      	ADDWFC      FARG_WordToStr_output+1, 0 
0x02BE	0x6EE2      	MOVWF       FSR1H 
0x02C0	0x6AE6      	CLRF        POSTINC1 
0x02C2	0x063F      	DECF        WordToStr_len_L0, 1 
;__Lib_Conversions.c,93 :: 		
L_WordToStr9:
;__Lib_Conversions.c,94 :: 		
0x02C4	0x503F      	MOVF        WordToStr_len_L0, 0 
0x02C6	0x243D      	ADDWF       FARG_WordToStr_output, 0 
0x02C8	0x6E40      	MOVWF       FLOC__WordToStr 
0x02CA	0x0E00      	MOVLW       0
0x02CC	0x203E      	ADDWFC      FARG_WordToStr_output+1, 0 
0x02CE	0x6E41      	MOVWF       FLOC__WordToStr+1 
0x02D0	0x0E0A      	MOVLW       10
0x02D2	0x6E04      	MOVWF       R4 
0x02D4	0x0E00      	MOVLW       0
0x02D6	0x6E05      	MOVWF       R5 
0x02D8	0xF000C03B  	MOVFF       FARG_WordToStr_input, R0
0x02DC	0xF001C03C  	MOVFF       FARG_WordToStr_input+1, R1
0x02E0	0xDF1A      	RCALL       _Div_16x16_U
0x02E2	0xF000C008  	MOVFF       R8, R0
0x02E6	0xF001C009  	MOVFF       R9, R1
0x02EA	0x0E30      	MOVLW       48
0x02EC	0x2600      	ADDWF       R0, 1 
0x02EE	0xFFE1C040  	MOVFF       FLOC__WordToStr, FSR1L
0x02F2	0xFFE2C041  	MOVFF       FLOC__WordToStr+1, FSR1H
0x02F6	0xFFE6C000  	MOVFF       R0, POSTINC1
;__Lib_Conversions.c,95 :: 		
0x02FA	0x0E0A      	MOVLW       10
0x02FC	0x6E04      	MOVWF       R4 
0x02FE	0x0E00      	MOVLW       0
0x0300	0x6E05      	MOVWF       R5 
0x0302	0xF000C03B  	MOVFF       FARG_WordToStr_input, R0
0x0306	0xF001C03C  	MOVFF       FARG_WordToStr_input+1, R1
0x030A	0xDF05      	RCALL       _Div_16x16_U
0x030C	0xF03BC000  	MOVFF       R0, FARG_WordToStr_input
0x0310	0xF03CC001  	MOVFF       R1, FARG_WordToStr_input+1
;__Lib_Conversions.c,96 :: 		
0x0314	0x0E00      	MOVLW       0
0x0316	0x1801      	XORWF       R1, 0 
0x0318	0xE102      	BNZ         L__WordToStr109
0x031A	0x0E00      	MOVLW       0
0x031C	0x1800      	XORWF       R0, 0 
L__WordToStr109:
0x031E	0xE101      	BNZ         L_WordToStr11
;__Lib_Conversions.c,97 :: 		
0x0320	0xD002      	BRA         L_WordToStr10
L_WordToStr11:
;__Lib_Conversions.c,98 :: 		
0x0322	0x063F      	DECF        WordToStr_len_L0, 1 
;__Lib_Conversions.c,99 :: 		
0x0324	0xD7CF      	BRA         L_WordToStr9
L_WordToStr10:
;__Lib_Conversions.c,100 :: 		
L_end_WordToStr:
0x0326	0x0012      	RETURN      0
; end of _WordToStr
_Lcd_Out:
;__Lib_Lcd.c,184 :: 		
;__Lib_Lcd.c,187 :: 		
0x0328	0xD00F      	BRA         L_Lcd_Out11
;__Lib_Lcd.c,188 :: 		
L_Lcd_Out13:
0x032A	0x0E80      	MOVLW       128
0x032C	0x6E31      	MOVWF       FARG_Lcd_Out_row 
0x032E	0xD019      	BRA         L_Lcd_Out12
;__Lib_Lcd.c,189 :: 		
L_Lcd_Out14:
0x0330	0x0EC0      	MOVLW       192
0x0332	0x6E31      	MOVWF       FARG_Lcd_Out_row 
0x0334	0xD016      	BRA         L_Lcd_Out12
;__Lib_Lcd.c,190 :: 		
L_Lcd_Out15:
0x0336	0x0E94      	MOVLW       148
0x0338	0x6E31      	MOVWF       FARG_Lcd_Out_row 
0x033A	0xD013      	BRA         L_Lcd_Out12
;__Lib_Lcd.c,191 :: 		
L_Lcd_Out16:
0x033C	0x0ED4      	MOVLW       212
0x033E	0x6E31      	MOVWF       FARG_Lcd_Out_row 
0x0340	0xD010      	BRA         L_Lcd_Out12
;__Lib_Lcd.c,192 :: 		
L_Lcd_Out17:
0x0342	0x0E80      	MOVLW       128
0x0344	0x6E31      	MOVWF       FARG_Lcd_Out_row 
;__Lib_Lcd.c,193 :: 		
0x0346	0xD00D      	BRA         L_Lcd_Out12
L_Lcd_Out11:
0x0348	0x5031      	MOVF        FARG_Lcd_Out_row, 0 
0x034A	0x0A01      	XORLW       1
0x034C	0xE0EE      	BZ          L_Lcd_Out13
0x034E	0x5031      	MOVF        FARG_Lcd_Out_row, 0 
0x0350	0x0A02      	XORLW       2
0x0352	0xE0EE      	BZ          L_Lcd_Out14
0x0354	0x5031      	MOVF        FARG_Lcd_Out_row, 0 
0x0356	0x0A03      	XORLW       3
0x0358	0xE0EE      	BZ          L_Lcd_Out15
0x035A	0x5031      	MOVF        FARG_Lcd_Out_row, 0 
0x035C	0x0A04      	XORLW       4
0x035E	0xE0EE      	BZ          L_Lcd_Out16
0x0360	0xD7F0      	BRA         L_Lcd_Out17
L_Lcd_Out12:
;__Lib_Lcd.c,194 :: 		
0x0362	0x0432      	DECF        FARG_Lcd_Out_column, 0 
0x0364	0x6E00      	MOVWF       R0 
0x0366	0x5031      	MOVF        FARG_Lcd_Out_row, 0 
0x0368	0x2600      	ADDWF       R0, 1 
0x036A	0xF031C000  	MOVFF       R0, FARG_Lcd_Out_row
;__Lib_Lcd.c,196 :: 		
0x036E	0xF042C000  	MOVFF       R0, FARG_Lcd_Cmd_out_char
0x0372	0xDEF3      	RCALL       _Lcd_Cmd
;__Lib_Lcd.c,197 :: 		
0x0374	0x9030      	BCF         __Lib_Lcd_cmd_status, BitPos(__Lib_Lcd_cmd_status+0) 
;__Lib_Lcd.c,198 :: 		
0x0376	0x6A35      	CLRF        Lcd_Out_i_L0 
;__Lib_Lcd.c,199 :: 		
L_Lcd_Out18:
0x0378	0x5035      	MOVF        Lcd_Out_i_L0, 0 
0x037A	0x2433      	ADDWF       FARG_Lcd_Out_text, 0 
0x037C	0x6EE9      	MOVWF       FSR0L 
0x037E	0x0E00      	MOVLW       0
0x0380	0x2034      	ADDWFC      FARG_Lcd_Out_text+1, 0 
0x0382	0x6EEA      	MOVWF       FSR0H 
0x0384	0x52EE      	MOVF        POSTINC0, 1 
0x0386	0xE00B      	BZ          L_Lcd_Out19
;__Lib_Lcd.c,200 :: 		
0x0388	0x5035      	MOVF        Lcd_Out_i_L0, 0 
0x038A	0x2433      	ADDWF       FARG_Lcd_Out_text, 0 
0x038C	0x6EE9      	MOVWF       FSR0L 
0x038E	0x0E00      	MOVLW       0
0x0390	0x2034      	ADDWFC      FARG_Lcd_Out_text+1, 0 
0x0392	0x6EEA      	MOVWF       FSR0H 
0x0394	0xF03BCFEE  	MOVFF       POSTINC0, FARG_Lcd_Chr_CP_out_char
0x0398	0xDF5F      	RCALL       _Lcd_Chr_CP
0x039A	0x2A35      	INCF        Lcd_Out_i_L0, 1 
0x039C	0xD7ED      	BRA         L_Lcd_Out18
L_Lcd_Out19:
;__Lib_Lcd.c,201 :: 		
0x039E	0x8030      	BSF         __Lib_Lcd_cmd_status, BitPos(__Lib_Lcd_cmd_status+0) 
;__Lib_Lcd.c,202 :: 		
L_end_Lcd_Out:
0x03A0	0x0012      	RETURN      0
; end of _Lcd_Out
_IntToStr:
;__Lib_Conversions.c,146 :: 		
;__Lib_Conversions.c,152 :: 		
0x03A2	0x6A37      	CLRF        IntToStr_negative_L0 
0x03A4	0x6A38      	CLRF        IntToStr_negative_L0+1 
;__Lib_Conversions.c,153 :: 		
0x03A6	0xF039C031  	MOVFF       FARG_IntToStr_input, IntToStr_inword_L0
0x03AA	0xF03AC032  	MOVFF       FARG_IntToStr_input+1, IntToStr_inword_L0+1
;__Lib_Conversions.c,154 :: 		
0x03AE	0x0E80      	MOVLW       128
0x03B0	0x1832      	XORWF       FARG_IntToStr_input+1, 0 
0x03B2	0x6E00      	MOVWF       R0 
0x03B4	0x0E80      	MOVLW       128
0x03B6	0x5C00      	SUBWF       R0, 0 
0x03B8	0xE102      	BNZ         L__IntToStr115
0x03BA	0x0E00      	MOVLW       0
0x03BC	0x5C31      	SUBWF       FARG_IntToStr_input, 0 
L__IntToStr115:
0x03BE	0xE20B      	BC          L_IntToStr23
;__Lib_Conversions.c,155 :: 		
0x03C0	0x0E01      	MOVLW       1
0x03C2	0x6E37      	MOVWF       IntToStr_negative_L0 
0x03C4	0x0E00      	MOVLW       0
0x03C6	0x6E38      	MOVWF       IntToStr_negative_L0+1 
;__Lib_Conversions.c,156 :: 		
0x03C8	0x5031      	MOVF        FARG_IntToStr_input, 0 
0x03CA	0x0800      	SUBLW       0
0x03CC	0x6E39      	MOVWF       IntToStr_inword_L0 
0x03CE	0xF03AC032  	MOVFF       FARG_IntToStr_input+1, IntToStr_inword_L0+1
0x03D2	0x0E00      	MOVLW       0
0x03D4	0x563A      	SUBFWB      IntToStr_inword_L0+1, 1 
;__Lib_Conversions.c,157 :: 		
L_IntToStr23:
;__Lib_Conversions.c,158 :: 		
0x03D6	0xF03BC039  	MOVFF       IntToStr_inword_L0, FARG_WordToStr_input
0x03DA	0xF03CC03A  	MOVFF       IntToStr_inword_L0+1, FARG_WordToStr_input+1
0x03DE	0xF03DC033  	MOVFF       FARG_IntToStr_output, FARG_WordToStr_output
0x03E2	0xF03EC034  	MOVFF       FARG_IntToStr_output+1, FARG_WordToStr_output+1
0x03E6	0xDF58      	RCALL       _WordToStr
;__Lib_Conversions.c,160 :: 		
0x03E8	0x0E06      	MOVLW       6
0x03EA	0x6E35      	MOVWF       IntToStr_i_L0 
0x03EC	0x0E00      	MOVLW       0
0x03EE	0x6E36      	MOVWF       IntToStr_i_L0+1 
;__Lib_Conversions.c,161 :: 		
L_IntToStr24:
0x03F0	0x0E00      	MOVLW       0
0x03F2	0x6E00      	MOVWF       R0 
0x03F4	0x5036      	MOVF        IntToStr_i_L0+1, 0 
0x03F6	0x5C00      	SUBWF       R0, 0 
0x03F8	0xE102      	BNZ         L__IntToStr116
0x03FA	0x5035      	MOVF        IntToStr_i_L0, 0 
0x03FC	0x0800      	SUBLW       0
L__IntToStr116:
0x03FE	0xE219      	BC          L_IntToStr25
;__Lib_Conversions.c,162 :: 		
0x0400	0x5035      	MOVF        IntToStr_i_L0, 0 
0x0402	0x2433      	ADDWF       FARG_IntToStr_output, 0 
0x0404	0x6EE1      	MOVWF       FSR1L 
0x0406	0x5036      	MOVF        IntToStr_i_L0+1, 0 
0x0408	0x2034      	ADDWFC      FARG_IntToStr_output+1, 0 
0x040A	0x6EE2      	MOVWF       FSR1H 
0x040C	0x0E01      	MOVLW       1
0x040E	0x5C35      	SUBWF       IntToStr_i_L0, 0 
0x0410	0x6E00      	MOVWF       R0 
0x0412	0x0E00      	MOVLW       0
0x0414	0x5836      	SUBWFB      IntToStr_i_L0+1, 0 
0x0416	0x6E01      	MOVWF       R1 
0x0418	0x5000      	MOVF        R0, 0 
0x041A	0x2433      	ADDWF       FARG_IntToStr_output, 0 
0x041C	0x6EE9      	MOVWF       FSR0L 
0x041E	0x5001      	MOVF        R1, 0 
0x0420	0x2034      	ADDWFC      FARG_IntToStr_output+1, 0 
0x0422	0x6EEA      	MOVWF       FSR0H 
0x0424	0xFFE6CFEE  	MOVFF       POSTINC0, POSTINC1
;__Lib_Conversions.c,163 :: 		
0x0428	0x0E01      	MOVLW       1
0x042A	0x5E35      	SUBWF       IntToStr_i_L0, 1 
0x042C	0x0E00      	MOVLW       0
0x042E	0x5A36      	SUBWFB      IntToStr_i_L0+1, 1 
;__Lib_Conversions.c,164 :: 		
0x0430	0xD7DF      	BRA         L_IntToStr24
L_IntToStr25:
;__Lib_Conversions.c,165 :: 		
0x0432	0xFFE1C033  	MOVFF       FARG_IntToStr_output, FSR1L
0x0436	0xFFE2C034  	MOVFF       FARG_IntToStr_output+1, FSR1H
0x043A	0x0E20      	MOVLW       32
0x043C	0x6EE6      	MOVWF       POSTINC1 
;__Lib_Conversions.c,166 :: 		
0x043E	0x5037      	MOVF        IntToStr_negative_L0, 0 
0x0440	0x1038      	IORWF       IntToStr_negative_L0+1, 0 
0x0442	0xE01A      	BZ          L_IntToStr26
;__Lib_Conversions.c,167 :: 		
0x0444	0x6A35      	CLRF        IntToStr_i_L0 
0x0446	0x6A36      	CLRF        IntToStr_i_L0+1 
;__Lib_Conversions.c,168 :: 		
L_IntToStr27:
0x0448	0x5035      	MOVF        IntToStr_i_L0, 0 
0x044A	0x2433      	ADDWF       FARG_IntToStr_output, 0 
0x044C	0x6EE9      	MOVWF       FSR0L 
0x044E	0x5036      	MOVF        IntToStr_i_L0+1, 0 
0x0450	0x2034      	ADDWFC      FARG_IntToStr_output+1, 0 
0x0452	0x6EEA      	MOVWF       FSR0H 
0x0454	0x50EE      	MOVF        POSTINC0, 0 
0x0456	0x0A20      	XORLW       32
0x0458	0xE103      	BNZ         L_IntToStr28
0x045A	0x4A35      	INFSNZ      IntToStr_i_L0, 1 
0x045C	0x2A36      	INCF        IntToStr_i_L0+1, 1 
0x045E	0xD7F4      	BRA         L_IntToStr27
L_IntToStr28:
;__Lib_Conversions.c,169 :: 		
0x0460	0x0E01      	MOVLW       1
0x0462	0x5E35      	SUBWF       IntToStr_i_L0, 1 
0x0464	0x0E00      	MOVLW       0
0x0466	0x5A36      	SUBWFB      IntToStr_i_L0+1, 1 
;__Lib_Conversions.c,170 :: 		
0x0468	0x5035      	MOVF        IntToStr_i_L0, 0 
0x046A	0x2433      	ADDWF       FARG_IntToStr_output, 0 
0x046C	0x6EE1      	MOVWF       FSR1L 
0x046E	0x5036      	MOVF        IntToStr_i_L0+1, 0 
0x0470	0x2034      	ADDWFC      FARG_IntToStr_output+1, 0 
0x0472	0x6EE2      	MOVWF       FSR1H 
0x0474	0x0E2D      	MOVLW       45
0x0476	0x6EE6      	MOVWF       POSTINC1 
L_IntToStr26:
;__Lib_Conversions.c,171 :: 		
L_end_IntToStr:
0x0478	0x0012      	RETURN      0
; end of _IntToStr
___CC2DW:
;__Lib_System.c,21 :: 		
;__Lib_System.c,23 :: 		
_CC2DL_Loop1:
;__Lib_System.c,24 :: 		
0x047A	0x0009      	TBLRD*+
;__Lib_System.c,25 :: 		
0x047C	0xFFE6CFF5  	MOVFF       TABLAT, POSTINC1
;__Lib_System.c,26 :: 		
0x0480	0x0600      	DECF        R0, 1, 0
;__Lib_System.c,27 :: 		
0x0482	0xE1FB      	BNZ         _CC2DL_Loop1
;__Lib_System.c,28 :: 		
0x0484	0x0601      	DECF        R1, 1, 0
;__Lib_System.c,29 :: 		
0x0486	0xE1F9      	BNZ         _CC2DL_Loop1
;__Lib_System.c,31 :: 		
L_end___CC2DW:
0x0488	0x0012      	RETURN      0
; end of ___CC2DW
_Lcd_Init:
;__Lib_Lcd.c,84 :: 		
;__Lib_Lcd.c,86 :: 		
0x048A	0x9695      	BCF         LCD_EN_Direction, BitPos(LCD_EN_Direction+0) 
;__Lib_Lcd.c,87 :: 		
0x048C	0x9495      	BCF         LCD_RS_Direction, BitPos(LCD_RS_Direction+0) 
;__Lib_Lcd.c,88 :: 		
0x048E	0x9895      	BCF         LCD_D4_Direction, BitPos(LCD_D4_Direction+0) 
;__Lib_Lcd.c,89 :: 		
0x0490	0x9A95      	BCF         LCD_D5_Direction, BitPos(LCD_D5_Direction+0) 
;__Lib_Lcd.c,90 :: 		
0x0492	0x9C95      	BCF         LCD_D6_Direction, BitPos(LCD_D6_Direction+0) 
;__Lib_Lcd.c,91 :: 		
0x0494	0x9E95      	BCF         LCD_D7_Direction, BitPos(LCD_D7_Direction+0) 
;__Lib_Lcd.c,93 :: 		
0x0496	0x9683      	BCF         LCD_EN, BitPos(LCD_EN+0) 
;__Lib_Lcd.c,94 :: 		
0x0498	0x9483      	BCF         LCD_RS, BitPos(LCD_RS+0) 
;__Lib_Lcd.c,95 :: 		
0x049A	0x9E83      	BCF         LCD_D7, BitPos(LCD_D7+0) 
;__Lib_Lcd.c,96 :: 		
0x049C	0x9C83      	BCF         LCD_D6, BitPos(LCD_D6+0) 
;__Lib_Lcd.c,97 :: 		
0x049E	0x9A83      	BCF         LCD_D5, BitPos(LCD_D5+0) 
;__Lib_Lcd.c,98 :: 		
0x04A0	0x9883      	BCF         LCD_D4, BitPos(LCD_D4+0) 
;__Lib_Lcd.c,100 :: 		
0x04A2	0xDE19      	RCALL       _Delay_5500us
;__Lib_Lcd.c,101 :: 		
0x04A4	0xDE18      	RCALL       _Delay_5500us
;__Lib_Lcd.c,102 :: 		
0x04A6	0xDE17      	RCALL       _Delay_5500us
;__Lib_Lcd.c,105 :: 		
0x04A8	0x8A83      	BSF         LCD_D5, BitPos(LCD_D5+0) 
;__Lib_Lcd.c,106 :: 		
0x04AA	0x8883      	BSF         LCD_D4, BitPos(LCD_D4+0) 
;__Lib_Lcd.c,107 :: 		
0x04AC	0x8683      	BSF         LCD_EN, BitPos(LCD_EN+0) 
;__Lib_Lcd.c,108 :: 		
0x04AE	0xDE1E      	RCALL       _Delay_1us
;__Lib_Lcd.c,109 :: 		
0x04B0	0x9683      	BCF         LCD_EN, BitPos(LCD_EN+0) 
;__Lib_Lcd.c,110 :: 		
0x04B2	0xDE11      	RCALL       _Delay_5500us
;__Lib_Lcd.c,112 :: 		
0x04B4	0x8683      	BSF         LCD_EN, BitPos(LCD_EN+0) 
;__Lib_Lcd.c,113 :: 		
0x04B6	0xDE1A      	RCALL       _Delay_1us
;__Lib_Lcd.c,114 :: 		
0x04B8	0x9683      	BCF         LCD_EN, BitPos(LCD_EN+0) 
;__Lib_Lcd.c,115 :: 		
0x04BA	0xDE0D      	RCALL       _Delay_5500us
;__Lib_Lcd.c,117 :: 		
0x04BC	0x8683      	BSF         LCD_EN, BitPos(LCD_EN+0) 
;__Lib_Lcd.c,118 :: 		
0x04BE	0xDE16      	RCALL       _Delay_1us
;__Lib_Lcd.c,119 :: 		
0x04C0	0x9683      	BCF         LCD_EN, BitPos(LCD_EN+0) 
;__Lib_Lcd.c,120 :: 		
0x04C2	0xDE09      	RCALL       _Delay_5500us
;__Lib_Lcd.c,123 :: 		
0x04C4	0x9883      	BCF         LCD_D4, BitPos(LCD_D4+0) 
;__Lib_Lcd.c,124 :: 		
0x04C6	0x8683      	BSF         LCD_EN, BitPos(LCD_EN+0) 
;__Lib_Lcd.c,125 :: 		
0x04C8	0xDE11      	RCALL       _Delay_1us
;__Lib_Lcd.c,126 :: 		
0x04CA	0x9683      	BCF         LCD_EN, BitPos(LCD_EN+0) 
;__Lib_Lcd.c,127 :: 		
0x04CC	0xDE04      	RCALL       _Delay_5500us
;__Lib_Lcd.c,130 :: 		
0x04CE	0x8683      	BSF         LCD_EN, BitPos(LCD_EN+0) 
;__Lib_Lcd.c,131 :: 		
0x04D0	0xDE0D      	RCALL       _Delay_1us
;__Lib_Lcd.c,132 :: 		
0x04D2	0x9683      	BCF         LCD_EN, BitPos(LCD_EN+0) 
;__Lib_Lcd.c,134 :: 		
0x04D4	0x9A83      	BCF         LCD_D5, BitPos(LCD_D5+0) 
;__Lib_Lcd.c,135 :: 		
0x04D6	0x8E83      	BSF         LCD_D7, BitPos(LCD_D7+0) 
;__Lib_Lcd.c,136 :: 		
0x04D8	0x8683      	BSF         LCD_EN, BitPos(LCD_EN+0) 
;__Lib_Lcd.c,137 :: 		
0x04DA	0xDE08      	RCALL       _Delay_1us
;__Lib_Lcd.c,138 :: 		
0x04DC	0x9683      	BCF         LCD_EN, BitPos(LCD_EN+0) 
;__Lib_Lcd.c,139 :: 		
0x04DE	0xDDFB      	RCALL       _Delay_5500us
;__Lib_Lcd.c,142 :: 		
0x04E0	0x9E83      	BCF         LCD_D7, BitPos(LCD_D7+0) 
;__Lib_Lcd.c,143 :: 		
0x04E2	0x8883      	BSF         LCD_D4, BitPos(LCD_D4+0) 
;__Lib_Lcd.c,144 :: 		
0x04E4	0x8683      	BSF         LCD_EN, BitPos(LCD_EN+0) 
;__Lib_Lcd.c,145 :: 		
0x04E6	0xDE02      	RCALL       _Delay_1us
;__Lib_Lcd.c,146 :: 		
0x04E8	0x9683      	BCF         LCD_EN, BitPos(LCD_EN+0) 
;__Lib_Lcd.c,148 :: 		
0x04EA	0x9883      	BCF         LCD_D4, BitPos(LCD_D4+0) 
;__Lib_Lcd.c,149 :: 		
0x04EC	0x8683      	BSF         LCD_EN, BitPos(LCD_EN+0) 
;__Lib_Lcd.c,150 :: 		
0x04EE	0xDDFE      	RCALL       _Delay_1us
;__Lib_Lcd.c,151 :: 		
0x04F0	0x9683      	BCF         LCD_EN, BitPos(LCD_EN+0) 
;__Lib_Lcd.c,152 :: 		
0x04F2	0xDDF1      	RCALL       _Delay_5500us
;__Lib_Lcd.c,155 :: 		
0x04F4	0x8683      	BSF         LCD_EN, BitPos(LCD_EN+0) 
;__Lib_Lcd.c,156 :: 		
0x04F6	0xDDFA      	RCALL       _Delay_1us
;__Lib_Lcd.c,157 :: 		
0x04F8	0x9683      	BCF         LCD_EN, BitPos(LCD_EN+0) 
;__Lib_Lcd.c,159 :: 		
0x04FA	0x8883      	BSF         LCD_D4, BitPos(LCD_D4+0) 
;__Lib_Lcd.c,160 :: 		
0x04FC	0x8683      	BSF         LCD_EN, BitPos(LCD_EN+0) 
;__Lib_Lcd.c,161 :: 		
0x04FE	0xDDF6      	RCALL       _Delay_1us
;__Lib_Lcd.c,162 :: 		
0x0500	0x9683      	BCF         LCD_EN, BitPos(LCD_EN+0) 
;__Lib_Lcd.c,163 :: 		
0x0502	0xDDE9      	RCALL       _Delay_5500us
;__Lib_Lcd.c,166 :: 		
0x0504	0x9883      	BCF         LCD_D4, BitPos(LCD_D4+0) 
;__Lib_Lcd.c,167 :: 		
0x0506	0x8683      	BSF         LCD_EN, BitPos(LCD_EN+0) 
;__Lib_Lcd.c,168 :: 		
0x0508	0xDDF1      	RCALL       _Delay_1us
;__Lib_Lcd.c,169 :: 		
0x050A	0x9683      	BCF         LCD_EN, BitPos(LCD_EN+0) 
;__Lib_Lcd.c,171 :: 		
0x050C	0x8E83      	BSF         LCD_D7, BitPos(LCD_D7+0) 
;__Lib_Lcd.c,172 :: 		
0x050E	0x8C83      	BSF         LCD_D6, BitPos(LCD_D6+0) 
;__Lib_Lcd.c,173 :: 		
0x0510	0x8A83      	BSF         LCD_D5, BitPos(LCD_D5+0) 
;__Lib_Lcd.c,174 :: 		
0x0512	0x8883      	BSF         LCD_D4, BitPos(LCD_D4+0) 
;__Lib_Lcd.c,175 :: 		
0x0514	0x8683      	BSF         LCD_EN, BitPos(LCD_EN+0) 
;__Lib_Lcd.c,176 :: 		
0x0516	0xDDEA      	RCALL       _Delay_1us
;__Lib_Lcd.c,177 :: 		
0x0518	0x9683      	BCF         LCD_EN, BitPos(LCD_EN+0) 
;__Lib_Lcd.c,179 :: 		
0x051A	0xDDDD      	RCALL       _Delay_5500us
;__Lib_Lcd.c,181 :: 		
0x051C	0x8030      	BSF         __Lib_Lcd_cmd_status, BitPos(__Lib_Lcd_cmd_status+0) 
;__Lib_Lcd.c,182 :: 		
L_end_Lcd_Init:
0x051E	0x0012      	RETURN      0
; end of _Lcd_Init
_Mul_32x32_FP:
;__Lib_MathDouble.c,1130 :: 		
;__Lib_MathDouble.c,1148 :: 		
0x0520	0x6A08      	CLRF        R8, 0
;__Lib_MathDouble.c,1149 :: 		
0x0522	0x6A09      	CLRF        R9, 0
;__Lib_MathDouble.c,1151 :: 		
0x0524	0x0E00      	MOVLW       0
;__Lib_MathDouble.c,1152 :: 		
0x0526	0x6207      	CPFSEQ      R7, 0
;__Lib_MathDouble.c,1153 :: 		
0x0528	0x6403      	CPFSGT      R3, 0
;__Lib_MathDouble.c,1154 :: 		
0x052A	0xF003EF15  	GOTO        MULJPRES032
;__Lib_MathDouble.c,1157 :: 		
0x052E	0x5002      	MOVF        R2, 0, 0
;__Lib_MathDouble.c,1158 :: 		
0x0530	0x1806      	XORWF       R6, 0, 0
;__Lib_MathDouble.c,1159 :: 		
0x0532	0x6E0A      	MOVWF       R10, 0
;__Lib_MathDouble.c,1161 :: 		
0x0534	0x5007      	MOVF        R7, 0, 0
;__Lib_MathDouble.c,1162 :: 		
0x0536	0x2603      	ADDWF       R3, 1, 0
;__Lib_MathDouble.c,1163 :: 		
0x0538	0x0E7E      	MOVLW       126
;__Lib_MathDouble.c,1164 :: 		
0x053A	0xA0D8      	BTFSS       STATUS, 0, 0
;__Lib_MathDouble.c,1165 :: 		
0x053C	0xF002EFA6  	GOTO        MTUN32
;__Lib_MathDouble.c,1167 :: 		
0x0540	0x5E03      	SUBWF       R3, 1, 0
;__Lib_MathDouble.c,1168 :: 		
0x0542	0xB0D8      	BTFSC       STATUS, 0, 0
;__Lib_MathDouble.c,1169 :: 		
0x0544	0xF003EF19  	GOTO        MULJPSETFOV32
;__Lib_MathDouble.c,1170 :: 		
0x0548	0xF002EFAA  	GOTO        MOK32
;__Lib_MathDouble.c,1172 :: 		
MTUN32:
;__Lib_MathDouble.c,1173 :: 		
0x054C	0x5E03      	SUBWF       R3, 1, 0
;__Lib_MathDouble.c,1174 :: 		
0x054E	0xA0D8      	BTFSS       STATUS, 0, 0
;__Lib_MathDouble.c,1175 :: 		
0x0550	0xF003EF1D  	GOTO        MULJPSETFUN32
;__Lib_MathDouble.c,1177 :: 		
MOK32:
;__Lib_MathDouble.c,1178 :: 		
0x0554	0x8E02      	BSF         R2, 7, 0
;__Lib_MathDouble.c,1179 :: 		
0x0556	0x8E06      	BSF         R6, 7, 0
;__Lib_MathDouble.c,1181 :: 		
0x0558	0xF00EC002  	MOVFF       R2, R14
;__Lib_MathDouble.c,1182 :: 		
0x055C	0xF00BC001  	MOVFF       R1, R11
;__Lib_MathDouble.c,1183 :: 		
0x0560	0xF00DC000  	MOVFF       R0, R13
;__Lib_MathDouble.c,1185 :: 		
0x0564	0x5000      	MOVF        R0, 0, 0
;__Lib_MathDouble.c,1186 :: 		
0x0566	0x0204      	MULWF       R4, 0
;__Lib_MathDouble.c,1187 :: 		
0x0568	0xF00CCFF4  	MOVFF       PRODH, R12
;__Lib_MathDouble.c,1189 :: 		
0x056C	0x5001      	MOVF        R1, 0, 0
;__Lib_MathDouble.c,1190 :: 		
0x056E	0x0205      	MULWF       R5, 0
;__Lib_MathDouble.c,1191 :: 		
0x0570	0xF000CFF4  	MOVFF       PRODH, R0
;__Lib_MathDouble.c,1192 :: 		
0x0574	0xF008CFF3  	MOVFF       PRODL, R8
;__Lib_MathDouble.c,1194 :: 		
0x0578	0x0204      	MULWF       R4, 0
;__Lib_MathDouble.c,1195 :: 		
0x057A	0x50F3      	MOVF        PRODL, 0, 0
;__Lib_MathDouble.c,1196 :: 		
0x057C	0x260C      	ADDWF       R12, 1, 0
;__Lib_MathDouble.c,1197 :: 		
0x057E	0x50F4      	MOVF        PRODH, 0, 0
;__Lib_MathDouble.c,1198 :: 		
0x0580	0x2208      	ADDWFC      R8, 1, 0
;__Lib_MathDouble.c,1199 :: 		
0x0582	0x0E00      	MOVLW       0
;__Lib_MathDouble.c,1200 :: 		
0x0584	0x2200      	ADDWFC      R0, 1, 0
;__Lib_MathDouble.c,1202 :: 		
0x0586	0x500D      	MOVF        R13, 0, 0
;__Lib_MathDouble.c,1203 :: 		
0x0588	0x0205      	MULWF       R5, 0
;__Lib_MathDouble.c,1204 :: 		
0x058A	0x50F3      	MOVF        PRODL, 0, 0
;__Lib_MathDouble.c,1205 :: 		
0x058C	0x260C      	ADDWF       R12, 1, 0
;__Lib_MathDouble.c,1206 :: 		
0x058E	0x50F4      	MOVF        PRODH, 0, 0
;__Lib_MathDouble.c,1207 :: 		
0x0590	0x2208      	ADDWFC      R8, 1, 0
;__Lib_MathDouble.c,1208 :: 		
0x0592	0x0E00      	MOVLW       0
;__Lib_MathDouble.c,1209 :: 		
0x0594	0x2200      	ADDWFC      R0, 1, 0
;__Lib_MathDouble.c,1211 :: 		
0x0596	0x5002      	MOVF        R2, 0, 0
;__Lib_MathDouble.c,1212 :: 		
0x0598	0x0204      	MULWF       R4, 0
;__Lib_MathDouble.c,1213 :: 		
0x059A	0x50F3      	MOVF        PRODL, 0, 0
;__Lib_MathDouble.c,1214 :: 		
0x059C	0x2608      	ADDWF       R8, 1, 0
;__Lib_MathDouble.c,1215 :: 		
0x059E	0x50F4      	MOVF        PRODH, 0, 0
;__Lib_MathDouble.c,1216 :: 		
0x05A0	0x2200      	ADDWFC      R0, 1, 0
;__Lib_MathDouble.c,1217 :: 		
0x05A2	0x5002      	MOVF        R2, 0, 0
;__Lib_MathDouble.c,1218 :: 		
0x05A4	0x0205      	MULWF       R5, 0
;__Lib_MathDouble.c,1219 :: 		
0x05A6	0x6A01      	CLRF        R1, 0
;__Lib_MathDouble.c,1220 :: 		
0x05A8	0x0E00      	MOVLW       0
;__Lib_MathDouble.c,1221 :: 		
0x05AA	0x2201      	ADDWFC      R1, 1, 0
;__Lib_MathDouble.c,1222 :: 		
0x05AC	0x50F3      	MOVF        PRODL, 0, 0
;__Lib_MathDouble.c,1223 :: 		
0x05AE	0x2600      	ADDWF       R0, 1, 0
;__Lib_MathDouble.c,1224 :: 		
0x05B0	0x50F4      	MOVF        PRODH, 0, 0
;__Lib_MathDouble.c,1225 :: 		
0x05B2	0x2201      	ADDWFC      R1, 1, 0
;__Lib_MathDouble.c,1227 :: 		
0x05B4	0x500D      	MOVF        R13, 0, 0
;__Lib_MathDouble.c,1228 :: 		
0x05B6	0x0206      	MULWF       R6, 0
;__Lib_MathDouble.c,1229 :: 		
0x05B8	0x50F3      	MOVF        PRODL, 0, 0
;__Lib_MathDouble.c,1230 :: 		
0x05BA	0x2608      	ADDWF       R8, 1, 0
;__Lib_MathDouble.c,1231 :: 		
0x05BC	0x50F4      	MOVF        PRODH, 0, 0
;__Lib_MathDouble.c,1232 :: 		
0x05BE	0x2200      	ADDWFC      R0, 1, 0
;__Lib_MathDouble.c,1233 :: 		
0x05C0	0x6A02      	CLRF        R2, 0
;__Lib_MathDouble.c,1234 :: 		
0x05C2	0x0E00      	MOVLW       0
;__Lib_MathDouble.c,1235 :: 		
0x05C4	0x2201      	ADDWFC      R1, 1, 0
;__Lib_MathDouble.c,1236 :: 		
0x05C6	0x2202      	ADDWFC      R2, 1, 0
;__Lib_MathDouble.c,1238 :: 		
0x05C8	0x500B      	MOVF        R11, 0, 0
;__Lib_MathDouble.c,1239 :: 		
0x05CA	0x0206      	MULWF       R6, 0
;__Lib_MathDouble.c,1240 :: 		
0x05CC	0x50F3      	MOVF        PRODL, 0, 0
;__Lib_MathDouble.c,1241 :: 		
0x05CE	0x2600      	ADDWF       R0, 1, 0
;__Lib_MathDouble.c,1242 :: 		
0x05D0	0x50F4      	MOVF        PRODH, 0, 0
;__Lib_MathDouble.c,1243 :: 		
0x05D2	0x2201      	ADDWFC      R1, 1, 0
;__Lib_MathDouble.c,1244 :: 		
0x05D4	0x0E00      	MOVLW       0
;__Lib_MathDouble.c,1245 :: 		
0x05D6	0x2202      	ADDWFC      R2, 1, 0
;__Lib_MathDouble.c,1247 :: 		
0x05D8	0x500E      	MOVF        R14, 0, 0
;__Lib_MathDouble.c,1248 :: 		
0x05DA	0x0206      	MULWF       R6, 0
;__Lib_MathDouble.c,1249 :: 		
0x05DC	0x50F3      	MOVF        PRODL, 0, 0
;__Lib_MathDouble.c,1250 :: 		
0x05DE	0x2601      	ADDWF       R1, 1, 0
;__Lib_MathDouble.c,1251 :: 		
0x05E0	0x50F4      	MOVF        PRODH, 0, 0
;__Lib_MathDouble.c,1252 :: 		
0x05E2	0x2202      	ADDWFC      R2, 1, 0
;__Lib_MathDouble.c,1254 :: 		
0x05E4	0xBE02      	BTFSC       R2, 7, 0
;__Lib_MathDouble.c,1255 :: 		
0x05E6	0xF002EFFD  	GOTO        MROUND32
;__Lib_MathDouble.c,1256 :: 		
0x05EA	0x3608      	RLCF        R8, 1, 0
;__Lib_MathDouble.c,1257 :: 		
0x05EC	0x3600      	RLCF        R0, 1, 0
;__Lib_MathDouble.c,1258 :: 		
0x05EE	0x3601      	RLCF        R1, 1, 0
;__Lib_MathDouble.c,1259 :: 		
0x05F0	0x3602      	RLCF        R2, 1, 0
;__Lib_MathDouble.c,1260 :: 		
0x05F2	0x0603      	DECF        R3, 1, 0
;__Lib_MathDouble.c,1261 :: 		
0x05F4	0xB4D8      	BTFSC       STATUS, 2, 0
;__Lib_MathDouble.c,1262 :: 		
0x05F6	0xF003EF1D  	GOTO        MULJPSETFUN32
;__Lib_MathDouble.c,1264 :: 		
MROUND32:
;__Lib_MathDouble.c,1267 :: 		
0x05FA	0xF003EF10  	GOTO        MUL32OK
;__Lib_MathDouble.c,1268 :: 		
0x05FE	0x80D8      	BSF         STATUS, 0, 0
;__Lib_MathDouble.c,1269 :: 		
0x0600	0x0E80      	MOVLW       128
;__Lib_MathDouble.c,1270 :: 		
0x0602	0x6408      	CPFSGT      R8, 0
;__Lib_MathDouble.c,1271 :: 		
0x0604	0x3000      	RRCF        R0, 0, 0
;__Lib_MathDouble.c,1272 :: 		
0x0606	0x0E00      	MOVLW       0
;__Lib_MathDouble.c,1273 :: 		
0x0608	0x2200      	ADDWFC      R0, 1, 0
;__Lib_MathDouble.c,1274 :: 		
0x060A	0x2201      	ADDWFC      R1, 1, 0
;__Lib_MathDouble.c,1275 :: 		
0x060C	0x2202      	ADDWFC      R2, 1, 0
;__Lib_MathDouble.c,1277 :: 		
0x060E	0xA0D8      	BTFSS       STATUS, 0, 0
;__Lib_MathDouble.c,1278 :: 		
0x0610	0xF003EF10  	GOTO        MUL32OK
;__Lib_MathDouble.c,1279 :: 		
0x0614	0x3202      	RRCF        R2, 1, 0
;__Lib_MathDouble.c,1280 :: 		
0x0616	0x3201      	RRCF        R1, 1, 0
;__Lib_MathDouble.c,1281 :: 		
0x0618	0x3200      	RRCF        R0, 1, 0
;__Lib_MathDouble.c,1282 :: 		
0x061A	0x4A03      	INFSNZ      R3, 1, 0
;__Lib_MathDouble.c,1283 :: 		
0x061C	0xF003EF19  	GOTO        MULJPSETFOV32
;__Lib_MathDouble.c,1285 :: 		
MUL32OK:
;__Lib_MathDouble.c,1286 :: 		
0x0620	0xAE0A      	BTFSS       R10, 7, 0
;__Lib_MathDouble.c,1287 :: 		
0x0622	0x9E02      	BCF         R2, 7, 0
;__Lib_MathDouble.c,1289 :: 		
0x0624	0x0E00      	MOVLW       0
;__Lib_MathDouble.c,1290 :: 		
0x0626	0xF003EF1F  	GOTO        MULEEE
;__Lib_MathDouble.c,1291 :: 		
MULJPRES032:
;__Lib_MathDouble.c,1292 :: 		
0x062A	0x0E01      	MOVLW       1
;__Lib_MathDouble.c,1295 :: 		
0x062C	0xDD8F      	RCALL       _RES032
;__Lib_MathDouble.c,1297 :: 		
0x062E	0xF003EF1F  	GOTO        MULEEE
;__Lib_MathDouble.c,1298 :: 		
MULJPSETFOV32:
;__Lib_MathDouble.c,1299 :: 		
0x0632	0x0E02      	MOVLW       2
;__Lib_MathDouble.c,1302 :: 		
0x0634	0xDE25      	RCALL       _SETFOV32
;__Lib_MathDouble.c,1304 :: 		
0x0636	0xF003EF1F  	GOTO        MULEEE
;__Lib_MathDouble.c,1305 :: 		
MULJPSETFUN32:
;__Lib_MathDouble.c,1306 :: 		
0x063A	0x0E04      	MOVLW       4
;__Lib_MathDouble.c,1309 :: 		
0x063C	0xDD5F      	RCALL       _SETFUN32
;__Lib_MathDouble.c,1311 :: 		
MULEEE:
;__Lib_MathDouble.c,1318 :: 		
L_end_Mul_32x32_FP:
0x063E	0x0012      	RETURN      0
; end of _Mul_32x32_FP
_Double2Word:
;__Lib_MathDouble.c,2023 :: 		
;__Lib_MathDouble.c,2032 :: 		
0x0640	0x6A0B      	CLRF        R11, 0
;__Lib_MathDouble.c,2033 :: 		
0x0642	0x6A0C      	CLRF        R12, 0
;__Lib_MathDouble.c,2034 :: 		
0x0644	0x6A0A      	CLRF        R10, 0
;__Lib_MathDouble.c,2036 :: 		
0x0646	0x5003      	MOVF        R3, 0, 0
;__Lib_MathDouble.c,2037 :: 		
0x0648	0xB4D8      	BTFSC       STATUS, 2, 0
;__Lib_MathDouble.c,2038 :: 		
0x064A	0xF003EF6A  	GOTO        IRES016U
;__Lib_MathDouble.c,2040 :: 		
0x064E	0x8E02      	BSF         R2, 7, 0
;__Lib_MathDouble.c,2042 :: 		
0x0650	0x0E8E      	MOVLW       142
;__Lib_MathDouble.c,2043 :: 		
0x0652	0x5E03      	SUBWF       R3, 1, 0
;__Lib_MathDouble.c,2044 :: 		
0x0654	0xBE03      	BTFSC       R3, 7, 0
;__Lib_MathDouble.c,2045 :: 		
0x0656	0xF003EF32  	GOTO        SETEXP16U
;__Lib_MathDouble.c,2046 :: 		
0x065A	0xB4D8      	BTFSC       STATUS, 2, 0
;__Lib_MathDouble.c,2047 :: 		
0x065C	0xF003EF32  	GOTO        SETEXP16U
;__Lib_MathDouble.c,2048 :: 		
0x0660	0xF003EF6E  	GOTO        SETIOV16U
;__Lib_MathDouble.c,2049 :: 		
SETEXP16U:
;__Lib_MathDouble.c,2050 :: 		
0x0664	0x6C03      	NEGF        R3, 0
;__Lib_MathDouble.c,2052 :: 		
0x0666	0x0E08      	MOVLW       8
;__Lib_MathDouble.c,2053 :: 		
0x0668	0x5C03      	SUBWF       R3, 0, 0
;__Lib_MathDouble.c,2054 :: 		
0x066A	0xA0D8      	BTFSS       STATUS, 0, 0
;__Lib_MathDouble.c,2055 :: 		
0x066C	0xF003EF49  	GOTO        TSHIFT3216U
;__Lib_MathDouble.c,2056 :: 		
0x0670	0x6E03      	MOVWF       R3, 0
;__Lib_MathDouble.c,2057 :: 		
0x0672	0x3601      	RLCF        R1, 1, 0
;__Lib_MathDouble.c,2058 :: 		
0x0674	0xF001C002  	MOVFF       R2, R1
;__Lib_MathDouble.c,2059 :: 		
0x0678	0x6A02      	CLRF        R2, 0
;__Lib_MathDouble.c,2061 :: 		
0x067A	0x0E08      	MOVLW       8
;__Lib_MathDouble.c,2062 :: 		
0x067C	0x5C03      	SUBWF       R3, 0, 0
;__Lib_MathDouble.c,2063 :: 		
0x067E	0xA0D8      	BTFSS       STATUS, 0, 0
;__Lib_MathDouble.c,2064 :: 		
0x0680	0xF003EF49  	GOTO        TSHIFT3216U
;__Lib_MathDouble.c,2065 :: 		
0x0684	0x3601      	RLCF        R1, 1, 0
;__Lib_MathDouble.c,2066 :: 		
0x0686	0x6A01      	CLRF        R1, 0
;__Lib_MathDouble.c,2068 :: 		
0x0688	0x5003      	MOVF        R3, 0, 0
;__Lib_MathDouble.c,2069 :: 		
0x068A	0xA4D8      	BTFSS       STATUS, 2, 0
;__Lib_MathDouble.c,2070 :: 		
0x068C	0x90D8      	BCF         STATUS, 0, 0
;__Lib_MathDouble.c,2071 :: 		
0x068E	0xF003EF53  	GOTO        SHIFT3216UOK
;__Lib_MathDouble.c,2072 :: 		
TSHIFT3216U:
;__Lib_MathDouble.c,2073 :: 		
0x0692	0x5003      	MOVF        R3, 0, 0
;__Lib_MathDouble.c,2074 :: 		
0x0694	0xB4D8      	BTFSC       STATUS, 2, 0
;__Lib_MathDouble.c,2075 :: 		
0x0696	0xF003EF53  	GOTO        SHIFT3216UOK
;__Lib_MathDouble.c,2076 :: 		
SHIFT3216U:
;__Lib_MathDouble.c,2077 :: 		
0x069A	0x90D8      	BCF         STATUS, 0, 0
;__Lib_MathDouble.c,2078 :: 		
0x069C	0x3202      	RRCF        R2, 1, 0
;__Lib_MathDouble.c,2079 :: 		
0x069E	0x3201      	RRCF        R1, 1, 0
;__Lib_MathDouble.c,2080 :: 		
0x06A0	0x2E03      	DECFSZ      R3, 1, 0
;__Lib_MathDouble.c,2081 :: 		
0x06A2	0xF003EF4D  	GOTO        SHIFT3216U
;__Lib_MathDouble.c,2082 :: 		
SHIFT3216UOK:
;__Lib_MathDouble.c,2083 :: 		
0x06A6	0xBC0B      	BTFSC       R11, 6, 0
;__Lib_MathDouble.c,2084 :: 		
0x06A8	0xA001      	BTFSS       R1, 0, 0
;__Lib_MathDouble.c,2085 :: 		
0x06AA	0xF003EF60  	GOTO        INT3216UOK
;__Lib_MathDouble.c,2086 :: 		
0x06AE	0xA0D8      	BTFSS       STATUS, 0, 0
;__Lib_MathDouble.c,2087 :: 		
0x06B0	0xF003EF60  	GOTO        INT3216UOK
;__Lib_MathDouble.c,2088 :: 		
0x06B4	0x2A01      	INCF        R1, 1, 0
;__Lib_MathDouble.c,2089 :: 		
0x06B6	0xB4D8      	BTFSC       STATUS, 2, 0
;__Lib_MathDouble.c,2090 :: 		
0x06B8	0x2A02      	INCF        R2, 1, 0
;__Lib_MathDouble.c,2091 :: 		
0x06BA	0xBE02      	BTFSC       R2, 7, 0
;__Lib_MathDouble.c,2092 :: 		
0x06BC	0xF003EF7D  	GOTO        JPKSETIOV3224
;__Lib_MathDouble.c,2093 :: 		
INT3216UOK:
;__Lib_MathDouble.c,2094 :: 		
0x06C0	0xAE0A      	BTFSS       R10, 7, 0
;__Lib_MathDouble.c,2095 :: 		
0x06C2	0xF003EF82  	GOTO        INT3216UEOK
;__Lib_MathDouble.c,2097 :: 		
0x06C6	0x1E02      	COMF        R2, 1, 0
;__Lib_MathDouble.c,2098 :: 		
0x06C8	0x1E01      	COMF        R1, 1, 0
;__Lib_MathDouble.c,2099 :: 		
0x06CA	0x2A01      	INCF        R1, 1, 0
;__Lib_MathDouble.c,2100 :: 		
0x06CC	0xB4D8      	BTFSC       STATUS, 2, 0
;__Lib_MathDouble.c,2101 :: 		
0x06CE	0x2A02      	INCF        R2, 1, 0
;__Lib_MathDouble.c,2102 :: 		
0x06D0	0xF003EF82  	GOTO        INT3216UEOK
;__Lib_MathDouble.c,2104 :: 		
IRES016U:
;__Lib_MathDouble.c,2105 :: 		
0x06D4	0x6A02      	CLRF        R2, 0
;__Lib_MathDouble.c,2106 :: 		
0x06D6	0x6A01      	CLRF        R1, 0
;__Lib_MathDouble.c,2107 :: 		
0x06D8	0xF003EF82  	GOTO        INT3216UEOK
;__Lib_MathDouble.c,2108 :: 		
SETIOV16U:
;__Lib_MathDouble.c,2109 :: 		
0x06DC	0x800B      	BSF         R11, 0, 0
;__Lib_MathDouble.c,2110 :: 		
0x06DE	0xAE0B      	BTFSS       R11, 7, 0
;__Lib_MathDouble.c,2111 :: 		
0x06E0	0xF003EF86  	GOTO        INT3216UEER
;__Lib_MathDouble.c,2113 :: 		
0x06E4	0x6A02      	CLRF        R2, 0
;__Lib_MathDouble.c,2114 :: 		
0x06E6	0xAE0A      	BTFSS       R10, 7, 0
;__Lib_MathDouble.c,2115 :: 		
0x06E8	0xF003EF86  	GOTO        INT3216UEER
;__Lib_MathDouble.c,2116 :: 		
0x06EC	0x0EFF      	MOVLW       255
;__Lib_MathDouble.c,2117 :: 		
0x06EE	0x6E02      	MOVWF       R2, 0
;__Lib_MathDouble.c,2118 :: 		
0x06F0	0x6E01      	MOVWF       R1, 0
;__Lib_MathDouble.c,2119 :: 		
0x06F2	0x360A      	RLCF        R10, 1, 0
;__Lib_MathDouble.c,2120 :: 		
0x06F4	0x3202      	RRCF        R2, 1, 0
;__Lib_MathDouble.c,2121 :: 		
0x06F6	0xF003EF86  	GOTO        INT3216UEER
;__Lib_MathDouble.c,2123 :: 		
JPKSETIOV3224:
;__Lib_MathDouble.c,2124 :: 		
0x06FA	0x0E01      	MOVLW       1
;__Lib_MathDouble.c,2125 :: 		
0x06FC	0x6E0C      	MOVWF       R12, 0
;__Lib_MathDouble.c,2127 :: 		
0x06FE	0xDDB2      	RCALL       _SETIOV3224
;__Lib_MathDouble.c,2129 :: 		
0x0700	0xF003EF88  	GOTO        INT3216UEEE
;__Lib_MathDouble.c,2130 :: 		
INT3216UEOK:
;__Lib_MathDouble.c,2131 :: 		
0x0704	0x0E00      	MOVLW       0
;__Lib_MathDouble.c,2132 :: 		
0x0706	0x6E0C      	MOVWF       R12, 0
;__Lib_MathDouble.c,2133 :: 		
0x0708	0xF003EF88  	GOTO        INT3216UEEE
;__Lib_MathDouble.c,2134 :: 		
INT3216UEER:
;__Lib_MathDouble.c,2135 :: 		
0x070C	0x0EFF      	MOVLW       255
;__Lib_MathDouble.c,2136 :: 		
0x070E	0x6E0C      	MOVWF       R12, 0
;__Lib_MathDouble.c,2137 :: 		
INT3216UEEE:
;__Lib_MathDouble.c,2138 :: 		
0x0710	0x5001      	MOVF        R1, 0, 0
;__Lib_MathDouble.c,2139 :: 		
0x0712	0x6E00      	MOVWF       R0, 0
;__Lib_MathDouble.c,2140 :: 		
0x0714	0x5002      	MOVF        R2, 0, 0
;__Lib_MathDouble.c,2141 :: 		
0x0716	0x6E01      	MOVWF       R1, 0
;__Lib_MathDouble.c,2146 :: 		
L_end_Double2Word:
0x0718	0x0012      	RETURN      0
; end of _Double2Word
_Word2Double:
;__Lib_MathDouble.c,2335 :: 		
;__Lib_MathDouble.c,2344 :: 		
0x071A	0x5000      	MOVF        R0, 0, 0
;__Lib_MathDouble.c,2345 :: 		
0x071C	0x6E08      	MOVWF       R8, 0
;__Lib_MathDouble.c,2346 :: 		
0x071E	0x5001      	MOVF        R1, 0, 0
;__Lib_MathDouble.c,2347 :: 		
0x0720	0x6E00      	MOVWF       R0, 0
;__Lib_MathDouble.c,2348 :: 		
0x0722	0x6A01      	CLRF        R1, 0
;__Lib_MathDouble.c,2349 :: 		
0x0724	0x6A02      	CLRF        R2, 0
;__Lib_MathDouble.c,2350 :: 		
0x0726	0x6A03      	CLRF        R3, 0
;__Lib_MathDouble.c,2353 :: 		
0x0728	0x6A0B      	CLRF        R11, 0
;__Lib_MathDouble.c,2354 :: 		
0x072A	0x6A0C      	CLRF        R12, 0
;__Lib_MathDouble.c,2356 :: 		
0x072C	0x0E96      	MOVLW       150
;__Lib_MathDouble.c,2357 :: 		
0x072E	0x6E03      	MOVWF       R3, 0
;__Lib_MathDouble.c,2358 :: 		
0x0730	0x6A0A      	CLRF        R10, 0
;__Lib_MathDouble.c,2360 :: 		
0x0732	0xF001C000  	MOVFF       R0, R1
;__Lib_MathDouble.c,2361 :: 		
0x0736	0xF000C008  	MOVFF       R8, R0
;__Lib_MathDouble.c,2362 :: 		
0x073A	0x6A08      	CLRF        R8, 0
;__Lib_MathDouble.c,2363 :: 		
0x073C	0x6A02      	CLRF        R2, 0
;__Lib_MathDouble.c,2365 :: 		
0x073E	0xDD4F      	RCALL       _NRM3232
;__Lib_MathDouble.c,2366 :: 		
L_end_Word2Double:
0x0740	0x0012      	RETURN      0
; end of _Word2Double
_Div_32x32_FP:
;__Lib_MathDouble.c,1325 :: 		
;__Lib_MathDouble.c,1339 :: 		
0x0742	0x5004      	MOVF        R4, 0 
0x0744	0x0A00      	XORLW       0
0x0746	0xE112      	BNZ         L_Div_32x32_FP11
;__Lib_MathDouble.c,1340 :: 		
0x0748	0x5005      	MOVF        R5, 0 
0x074A	0x0A00      	XORLW       0
0x074C	0xE10F      	BNZ         L_Div_32x32_FP12
;__Lib_MathDouble.c,1341 :: 		
0x074E	0x5006      	MOVF        R6, 0 
0x0750	0x0A00      	XORLW       0
0x0752	0xE10C      	BNZ         L_Div_32x32_FP13
;__Lib_MathDouble.c,1342 :: 		
0x0754	0x5007      	MOVF        R7, 0 
0x0756	0x0A00      	XORLW       0
0x0758	0xE109      	BNZ         L_Div_32x32_FP14
;__Lib_MathDouble.c,1343 :: 		
0x075A	0x0EFF      	MOVLW       255
0x075C	0x6E00      	MOVWF       R0 
;__Lib_MathDouble.c,1344 :: 		
0x075E	0x0EFF      	MOVLW       255
0x0760	0x6E01      	MOVWF       R1 
;__Lib_MathDouble.c,1345 :: 		
0x0762	0x0E7F      	MOVLW       127
0x0764	0x6E02      	MOVWF       R2 
;__Lib_MathDouble.c,1346 :: 		
0x0766	0x0EFF      	MOVLW       255
0x0768	0x6E03      	MOVWF       R3 
;__Lib_MathDouble.c,1347 :: 		
0x076A	0xD0A4      	BRA         L_end_Div_32x32_FP
;__Lib_MathDouble.c,1348 :: 		
L_Div_32x32_FP14:
L_Div_32x32_FP13:
L_Div_32x32_FP12:
L_Div_32x32_FP11:
;__Lib_MathDouble.c,1353 :: 		
0x076C	0x6A08      	CLRF        R8, 0
;__Lib_MathDouble.c,1354 :: 		
0x076E	0x6A09      	CLRF        R9, 0
;__Lib_MathDouble.c,1356 :: 		
0x0770	0x5007      	MOVF        R7, 0, 0
;__Lib_MathDouble.c,1357 :: 		
0x0772	0xB4D8      	BTFSC       STATUS, 2, 0
;__Lib_MathDouble.c,1358 :: 		
0x0774	0xF004EF4C  	GOTO        JPDSETFDZ32
;__Lib_MathDouble.c,1360 :: 		
0x0778	0x5003      	MOVF        R3, 0, 0
;__Lib_MathDouble.c,1361 :: 		
0x077A	0xB4D8      	BTFSC       STATUS, 2, 0
;__Lib_MathDouble.c,1362 :: 		
0x077C	0xF004EF50  	GOTO        JPDRES032
;__Lib_MathDouble.c,1364 :: 		
0x0780	0x5002      	MOVF        R2, 0, 0
;__Lib_MathDouble.c,1365 :: 		
0x0782	0x1806      	XORWF       R6, 0, 0
;__Lib_MathDouble.c,1366 :: 		
0x0784	0x6E0A      	MOVWF       R10, 0
;__Lib_MathDouble.c,1367 :: 		
0x0786	0x8E02      	BSF         R2, 7, 0
;__Lib_MathDouble.c,1368 :: 		
0x0788	0x8E06      	BSF         R6, 7, 0
;__Lib_MathDouble.c,1370 :: 		
0x078A	0x6A0E      	CLRF        R14, 0
;__Lib_MathDouble.c,1371 :: 		
0x078C	0xF008C002  	MOVFF       R2, R8
;__Lib_MathDouble.c,1372 :: 		
0x0790	0xF00CC001  	MOVFF       R1, R12
;__Lib_MathDouble.c,1373 :: 		
0x0794	0xF00DC000  	MOVFF       R0, R13
;__Lib_MathDouble.c,1375 :: 		
0x0798	0x5004      	MOVF        R4, 0, 0
;__Lib_MathDouble.c,1376 :: 		
0x079A	0x5E0D      	SUBWF       R13, 1, 0
;__Lib_MathDouble.c,1377 :: 		
0x079C	0x5005      	MOVF        R5, 0, 0
;__Lib_MathDouble.c,1378 :: 		
0x079E	0xA0D8      	BTFSS       STATUS, 0, 0
;__Lib_MathDouble.c,1379 :: 		
0x07A0	0x3C05      	INCFSZ      R5, 0, 0
;__Lib_MathDouble.c,1381 :: 		
0x07A2	0x5E0C      	SUBWF       R12, 1, 0
;__Lib_MathDouble.c,1382 :: 		
0x07A4	0x5006      	MOVF        R6, 0, 0
;__Lib_MathDouble.c,1383 :: 		
0x07A6	0xA0D8      	BTFSS       STATUS, 0, 0
;__Lib_MathDouble.c,1384 :: 		
0x07A8	0x3C06      	INCFSZ      R6, 0, 0
;__Lib_MathDouble.c,1386 :: 		
0x07AA	0x5E08      	SUBWF       R8, 1, 0
;__Lib_MathDouble.c,1387 :: 		
0x07AC	0x6A08      	CLRF        R8, 0
;__Lib_MathDouble.c,1388 :: 		
0x07AE	0x6A0C      	CLRF        R12, 0
;__Lib_MathDouble.c,1389 :: 		
0x07B0	0x6A0D      	CLRF        R13, 0
;__Lib_MathDouble.c,1390 :: 		
0x07B2	0xA0D8      	BTFSS       STATUS, 0, 0
;__Lib_MathDouble.c,1391 :: 		
0x07B4	0xF003EFE3  	GOTO        DALIGN32OK
;__Lib_MathDouble.c,1393 :: 		
0x07B8	0x90D8      	BCF         STATUS, 0, 0
;__Lib_MathDouble.c,1394 :: 		
0x07BA	0x3202      	RRCF        R2, 1, 0
;__Lib_MathDouble.c,1395 :: 		
0x07BC	0x3201      	RRCF        R1, 1, 0
;__Lib_MathDouble.c,1396 :: 		
0x07BE	0x3200      	RRCF        R0, 1, 0
;__Lib_MathDouble.c,1397 :: 		
0x07C0	0x3208      	RRCF        R8, 1, 0
;__Lib_MathDouble.c,1398 :: 		
0x07C2	0x0E01      	MOVLW       1
;__Lib_MathDouble.c,1399 :: 		
0x07C4	0x6E0E      	MOVWF       R14, 0
;__Lib_MathDouble.c,1400 :: 		
DALIGN32OK:
;__Lib_MathDouble.c,1401 :: 		
0x07C6	0x5007      	MOVF        R7, 0, 0
;__Lib_MathDouble.c,1402 :: 		
0x07C8	0x5E03      	SUBWF       R3, 1, 0
;__Lib_MathDouble.c,1403 :: 		
0x07CA	0xA0D8      	BTFSS       STATUS, 0, 0
;__Lib_MathDouble.c,1404 :: 		
0x07CC	0xF003EFF0  	GOTO        ALTB32
;__Lib_MathDouble.c,1406 :: 		
0x07D0	0x0E7E      	MOVLW       126
;__Lib_MathDouble.c,1407 :: 		
0x07D2	0x240E      	ADDWF       R14, 0, 0
;__Lib_MathDouble.c,1408 :: 		
0x07D4	0x2603      	ADDWF       R3, 1, 0
;__Lib_MathDouble.c,1409 :: 		
0x07D6	0xB0D8      	BTFSC       STATUS, 0, 0
;__Lib_MathDouble.c,1410 :: 		
0x07D8	0xF004EF54  	GOTO        JPDSETFOV32
;__Lib_MathDouble.c,1411 :: 		
0x07DC	0xF003EFF6  	GOTO        DARGOK32
;__Lib_MathDouble.c,1412 :: 		
ALTB32:
;__Lib_MathDouble.c,1413 :: 		
0x07E0	0x0E7E      	MOVLW       126
;__Lib_MathDouble.c,1414 :: 		
0x07E2	0x240E      	ADDWF       R14, 0, 0
;__Lib_MathDouble.c,1415 :: 		
0x07E4	0x2603      	ADDWF       R3, 1, 0
;__Lib_MathDouble.c,1416 :: 		
0x07E6	0xA0D8      	BTFSS       STATUS, 0, 0
;__Lib_MathDouble.c,1417 :: 		
0x07E8	0xF004EF58  	GOTO        JPDSETFUN32
;__Lib_MathDouble.c,1418 :: 		
DARGOK32:
;__Lib_MathDouble.c,1419 :: 		
0x07EC	0x0E18      	MOVLW       24
;__Lib_MathDouble.c,1420 :: 		
0x07EE	0x6E0B      	MOVWF       R11, 0
;__Lib_MathDouble.c,1421 :: 		
DLOOP32:
;__Lib_MathDouble.c,1422 :: 		
0x07F0	0x360D      	RLCF        R13, 1, 0
;__Lib_MathDouble.c,1423 :: 		
0x07F2	0x360C      	RLCF        R12, 1, 0
;__Lib_MathDouble.c,1424 :: 		
0x07F4	0x3608      	RLCF        R8, 1, 0
;__Lib_MathDouble.c,1425 :: 		
0x07F6	0x3600      	RLCF        R0, 1, 0
;__Lib_MathDouble.c,1426 :: 		
0x07F8	0x3601      	RLCF        R1, 1, 0
;__Lib_MathDouble.c,1427 :: 		
0x07FA	0x3602      	RLCF        R2, 1, 0
;__Lib_MathDouble.c,1428 :: 		
0x07FC	0x360E      	RLCF        R14, 1, 0
;__Lib_MathDouble.c,1430 :: 		
0x07FE	0x5004      	MOVF        R4, 0, 0
;__Lib_MathDouble.c,1431 :: 		
0x0800	0x5E00      	SUBWF       R0, 1, 0
;__Lib_MathDouble.c,1432 :: 		
0x0802	0x5005      	MOVF        R5, 0, 0
;__Lib_MathDouble.c,1433 :: 		
0x0804	0xA0D8      	BTFSS       STATUS, 0, 0
;__Lib_MathDouble.c,1434 :: 		
0x0806	0x3C05      	INCFSZ      R5, 0, 0
;__Lib_MathDouble.c,1436 :: 		
0x0808	0x5E01      	SUBWF       R1, 1, 0
;__Lib_MathDouble.c,1437 :: 		
0x080A	0x5006      	MOVF        R6, 0, 0
;__Lib_MathDouble.c,1438 :: 		
0x080C	0xA0D8      	BTFSS       STATUS, 0, 0
;__Lib_MathDouble.c,1439 :: 		
0x080E	0x3C06      	INCFSZ      R6, 0, 0
;__Lib_MathDouble.c,1441 :: 		
0x0810	0x5E02      	SUBWF       R2, 1, 0
;__Lib_MathDouble.c,1442 :: 		
0x0812	0x3406      	RLCF        R6, 0, 0
;__Lib_MathDouble.c,1443 :: 		
0x0814	0x120E      	IORWF       R14, 1, 0
;__Lib_MathDouble.c,1444 :: 		
0x0816	0xA00E      	BTFSS       R14, 0, 0
;__Lib_MathDouble.c,1445 :: 		
0x0818	0xF004EF11  	GOTO        DREST32
;__Lib_MathDouble.c,1446 :: 		
0x081C	0x800D      	BSF         R13, 0, 0
;__Lib_MathDouble.c,1447 :: 		
0x081E	0xF004EF1C  	GOTO        DOK32
;__Lib_MathDouble.c,1448 :: 		
DREST32:
;__Lib_MathDouble.c,1449 :: 		
0x0822	0x5004      	MOVF        R4, 0, 0
;__Lib_MathDouble.c,1450 :: 		
0x0824	0x2600      	ADDWF       R0, 1, 0
;__Lib_MathDouble.c,1451 :: 		
0x0826	0x5005      	MOVF        R5, 0, 0
;__Lib_MathDouble.c,1452 :: 		
0x0828	0xB0D8      	BTFSC       STATUS, 0, 0
;__Lib_MathDouble.c,1453 :: 		
0x082A	0x3C05      	INCFSZ      R5, 0, 0
;__Lib_MathDouble.c,1455 :: 		
0x082C	0x2601      	ADDWF       R1, 1, 0
;__Lib_MathDouble.c,1456 :: 		
0x082E	0x5006      	MOVF        R6, 0, 0
;__Lib_MathDouble.c,1457 :: 		
0x0830	0xB0D8      	BTFSC       STATUS, 0, 0
;__Lib_MathDouble.c,1458 :: 		
0x0832	0x2806      	INCF        R6, 0, 0
;__Lib_MathDouble.c,1459 :: 		
0x0834	0x2602      	ADDWF       R2, 1, 0
;__Lib_MathDouble.c,1460 :: 		
0x0836	0x900D      	BCF         R13, 0, 0
;__Lib_MathDouble.c,1461 :: 		
DOK32:
;__Lib_MathDouble.c,1462 :: 		
0x0838	0x2E0B      	DECFSZ      R11, 1, 0
;__Lib_MathDouble.c,1463 :: 		
0x083A	0xF003EFF8  	GOTO        DLOOP32
;__Lib_MathDouble.c,1467 :: 		
0x083E	0xF004EF42  	GOTO        DIV32OK
;__Lib_MathDouble.c,1468 :: 		
0x0842	0x90D8      	BCF         STATUS, 0, 0
;__Lib_MathDouble.c,1469 :: 		
0x0844	0x3600      	RLCF        R0, 1, 0
;__Lib_MathDouble.c,1470 :: 		
0x0846	0x3601      	RLCF        R1, 1, 0
;__Lib_MathDouble.c,1471 :: 		
0x0848	0x3602      	RLCF        R2, 1, 0
;__Lib_MathDouble.c,1472 :: 		
0x084A	0x360E      	RLCF        R14, 1, 0
;__Lib_MathDouble.c,1474 :: 		
0x084C	0x5004      	MOVF        R4, 0, 0
;__Lib_MathDouble.c,1475 :: 		
0x084E	0x5E00      	SUBWF       R0, 1, 0
;__Lib_MathDouble.c,1476 :: 		
0x0850	0x5005      	MOVF        R5, 0, 0
;__Lib_MathDouble.c,1477 :: 		
0x0852	0xA0D8      	BTFSS       STATUS, 0, 0
;__Lib_MathDouble.c,1478 :: 		
0x0854	0x3C05      	INCFSZ      R5, 0, 0
;__Lib_MathDouble.c,1479 :: 		
0x0856	0x5E01      	SUBWF       R1, 1, 0
;__Lib_MathDouble.c,1480 :: 		
0x0858	0x5006      	MOVF        R6, 0, 0
;__Lib_MathDouble.c,1481 :: 		
0x085A	0xA0D8      	BTFSS       STATUS, 0, 0
;__Lib_MathDouble.c,1482 :: 		
0x085C	0x3C06      	INCFSZ      R6, 0, 0
;__Lib_MathDouble.c,1483 :: 		
0x085E	0x5E02      	SUBWF       R2, 1, 0
;__Lib_MathDouble.c,1484 :: 		
0x0860	0x3406      	RLCF        R6, 0, 0
;__Lib_MathDouble.c,1485 :: 		
0x0862	0x100E      	IORWF       R14, 0, 0
;__Lib_MathDouble.c,1486 :: 		
0x0864	0x0B01      	ANDLW       1
;__Lib_MathDouble.c,1487 :: 		
0x0866	0x260D      	ADDWF       R13, 1, 0
;__Lib_MathDouble.c,1488 :: 		
0x0868	0xB0D8      	BTFSC       STATUS, 0, 0
;__Lib_MathDouble.c,1489 :: 		
0x086A	0x2A0C      	INCF        R12, 1, 0
;__Lib_MathDouble.c,1490 :: 		
0x086C	0xB4D8      	BTFSC       STATUS, 2, 0
;__Lib_MathDouble.c,1491 :: 		
0x086E	0x2A08      	INCF        R8, 1, 0
;__Lib_MathDouble.c,1492 :: 		
0x0870	0xA4D8      	BTFSS       STATUS, 2, 0
;__Lib_MathDouble.c,1493 :: 		
0x0872	0xF004EF42  	GOTO        DIV32OK
;__Lib_MathDouble.c,1494 :: 		
0x0876	0x3208      	RRCF        R8, 1, 0
;__Lib_MathDouble.c,1495 :: 		
0x0878	0x320C      	RRCF        R12, 1, 0
;__Lib_MathDouble.c,1496 :: 		
0x087A	0x320D      	RRCF        R13, 1, 0
;__Lib_MathDouble.c,1497 :: 		
0x087C	0x2A03      	INCF        R3, 1, 0
;__Lib_MathDouble.c,1498 :: 		
0x087E	0xB4D8      	BTFSC       STATUS, 2, 0
;__Lib_MathDouble.c,1499 :: 		
0x0880	0xF004EF54  	GOTO        JPDSETFOV32
;__Lib_MathDouble.c,1500 :: 		
DIV32OK:
;__Lib_MathDouble.c,1501 :: 		
0x0884	0xAE0A      	BTFSS       R10, 7, 0
;__Lib_MathDouble.c,1502 :: 		
0x0886	0x9E08      	BCF         R8, 7, 0
;__Lib_MathDouble.c,1503 :: 		
0x0888	0x5008      	MOVF        R8, 0, 0
;__Lib_MathDouble.c,1504 :: 		
0x088A	0x6E02      	MOVWF       R2, 0
;__Lib_MathDouble.c,1505 :: 		
0x088C	0x500C      	MOVF        R12, 0, 0
;__Lib_MathDouble.c,1506 :: 		
0x088E	0x6E01      	MOVWF       R1, 0
;__Lib_MathDouble.c,1507 :: 		
0x0890	0x500D      	MOVF        R13, 0, 0
;__Lib_MathDouble.c,1508 :: 		
0x0892	0x6E00      	MOVWF       R0, 0
;__Lib_MathDouble.c,1511 :: 		
0x0894	0xF004EF5A  	GOTO        DIV32EEE
;__Lib_MathDouble.c,1512 :: 		
JPDSETFDZ32:
;__Lib_MathDouble.c,1513 :: 		
0x0898	0x0E01      	MOVLW       1
;__Lib_MathDouble.c,1516 :: 		
0x089A	0xDCDA      	RCALL       _SETFDZ32
;__Lib_MathDouble.c,1518 :: 		
0x089C	0xF004EF5A  	GOTO        DIV32EEE
;__Lib_MathDouble.c,1519 :: 		
JPDRES032:
;__Lib_MathDouble.c,1520 :: 		
0x08A0	0x0E02      	MOVLW       2
;__Lib_MathDouble.c,1523 :: 		
0x08A2	0xDC54      	RCALL       _RES032
;__Lib_MathDouble.c,1525 :: 		
0x08A4	0xF004EF5A  	GOTO        DIV32EEE
;__Lib_MathDouble.c,1526 :: 		
JPDSETFOV32:
;__Lib_MathDouble.c,1527 :: 		
0x08A8	0x0E04      	MOVLW       4
;__Lib_MathDouble.c,1530 :: 		
0x08AA	0xDCEA      	RCALL       _SETFOV32
;__Lib_MathDouble.c,1532 :: 		
0x08AC	0xF004EF5A  	GOTO        DIV32EEE
;__Lib_MathDouble.c,1533 :: 		
JPDSETFUN32:
;__Lib_MathDouble.c,1534 :: 		
0x08B0	0x0E08      	MOVLW       8
;__Lib_MathDouble.c,1537 :: 		
0x08B2	0xDC24      	RCALL       _SETFUN32
;__Lib_MathDouble.c,1539 :: 		
DIV32EEE:
;__Lib_MathDouble.c,1547 :: 		
L_end_Div_32x32_FP:
0x08B4	0x0012      	RETURN      0
; end of _Div_32x32_FP
_main:
0x08B6	0x6A19      	CLRF        _x 
0x08B8	0x6A1A      	CLRF        26 
0x08BA	0x6A1B      	CLRF        27 
0x08BC	0x6A1C      	CLRF        28 
0x08BE	0x6A1D      	CLRF        _tiempo 
0x08C0	0x6A1E      	CLRF        30 
;MyProject.c,41 :: 		void main() {
;MyProject.c,42 :: 		TRISB.B0=1;
0x08C2	0x8093      	BSF         TRISB, 0 
;MyProject.c,44 :: 		INTCON.INTEDG0=1;
0x08C4	0x8CF2      	BSF         INTCON, 6 
;MyProject.c,46 :: 		INTCON.INT0IF=0;
0x08C6	0x92F2      	BCF         INTCON, 1 
;MyProject.c,47 :: 		INTCON.INT0IE=1;
0x08C8	0x88F2      	BSF         INTCON, 4 
;MyProject.c,49 :: 		INTCON.GIE=1;
0x08CA	0x8EF2      	BSF         INTCON, 7 
;MyProject.c,50 :: 		INTCON.PEIE=0;
0x08CC	0x9CF2      	BCF         INTCON, 6 
;MyProject.c,51 :: 		RCON.IPEN=0;
0x08CE	0x9ED0      	BCF         RCON, 7 
;MyProject.c,53 :: 		T0CON=0x06;
0x08D0	0x0E06      	MOVLW       6
0x08D2	0x6ED5      	MOVWF       T0CON 
;MyProject.c,54 :: 		TMR0H = 0;
0x08D4	0x6AD7      	CLRF        TMR0H 
;MyProject.c,55 :: 		TMR0L = 0;
0x08D6	0x6AD6      	CLRF        TMR0L 
;MyProject.c,56 :: 		T0CON.B7=1;
0x08D8	0x8ED5      	BSF         T0CON, 7 
;MyProject.c,58 :: 		lcd_init();
0x08DA	0xDDD7      	RCALL       _Lcd_Init
;MyProject.c,60 :: 		while(1);
L_main3:
0x08DC	0xD7FF      	BRA         L_main3
;MyProject.c,61 :: 		}
L_end_main:
0x08DE	0xD7FF      	BRA         $+0
; end of _main
Symbol List:
//** Routines locations **
//ADDRESS    SIZE    PROCEDURE
//----------------------------------------------
0x0008     [206]    _interrupt
0x00D6      [22]    _Delay_5500us
0x00EC       [6]    _Delay_1us
0x00F2      [10]    _Delay_50us
0x00FC      [26]    _SETFUN32
0x0116      [54]    _Div_16x16_U
0x014C      [14]    _RES032
0x015A     [124]    _Lcd_Cmd
0x01D6       [8]    _FIXSIGN32
0x01DE     [114]    _NRM3232
0x0250       [8]    _SETFDZ32
0x0258      [12]    _Lcd_Chr_CP
0x0264      [28]    _SETIOV3224
0x0280      [24]    _SETFOV32
0x0298     [144]    _WordToStr
0x0328     [122]    _Lcd_Out
0x03A2     [216]    _IntToStr
0x047A      [16]    ___CC2DW
0x048A     [150]    _Lcd_Init
0x0520     [288]    _Mul_32x32_FP
0x0640     [218]    _Double2Word
0x071A      [40]    _Word2Double
0x0742     [372]    _Div_32x32_FP
0x08B6      [42]    _main
//** Variables locations ** 
//ADDRESS    SIZE    VARIABLE
//----------------------------------------------
0x0000       [1]    EEPROM_Write_SaveINTCON_L0
0x0000       [1]    SPI1_Write_tmp_L0
0x0000       [1]    __Lib_SoftI2C_PutZerosToLATSda_temp_sda_L0
0x0000       [1]    FLASH_Erase_64_SaveINTCON_L0
0x0000       [1]    __Lib_SoftI2C_PutZerosToLATScl_temp_scl_L0
0x0000       [1]    R0
0x0000       [1]    UART1_Init_tmp_L0
0x0001       [1]    __Lib_PS2_Wait_Falling_nsample_L0
0x0001       [1]    I2C1_Rd_tmp_L0
0x0001       [1]    __Lib_TFT_16bit_JPEG_FileReadBytes_Result_L0
0x0001       [1]    __Lib_TFT_JPEG_FileRead_i_L0
0x0001       [1]    FLASH_Erase_Write_64_i_L0
0x0001       [2]    FLASH_Read_N_Bytes_i_L0
0x0001       [1]    FLASH_Write_8_i_L0
0x0001       [1]    R1
0x0001       [1]    __Lib_TFT_JPEG_FileReadBytes_Result_L0
0x0001       [1]    ispunct_rslt_L0
0x0001       [1]    UART1_Read___tmp_UART1_Read_L0
0x0001       [1]    __Lib_TFT_16bit_JPEG_FileRead_i_L0
0x0002       [2]    memchr_s_L0
0x0002       [1]    FLASH_Erase_Write_64_j_L0
0x0002       [2]    strlen_cp_L0
0x0002       [2]    memset_pp_L0
0x0002       [1]    FLASH_Write_8_SaveINTCON_L0
0x0002       [2]    memcpy_dd_L0
0x0002       [1]    R2
0x0003       [2]    Ltrim_original_L0
0x0003       [1]    FLASH_Erase_Write_64_SaveINTCON_L0
0x0003       [2]    memmove_tt_L0
0x0003       [2]    __Lib_MmcFat16_f16_toInt_l_L0
0x0003       [2]    MM_TotalFreeMemSize_Tot_L0
0x0003       [1]    R3
0x0003       [1]    MM_Init_i_L0
0x0004       [2]    frexp_pom_L0
0x0004       [2]    memcpy_ss_L0
0x0004       [2]    strncpy_cp_L0
0x0004       [2]    strcpy_cp_L0
0x0004       [2]    strncat_cp_L0
0x0004       [1]    R4
0x0004       [2]    __Lib_MemManager_MM_GetMemAlign_P_L0
0x0004       [2]    strcat_cp_L0
0x0005       [1]    R5
0x0005       [2]    LongIntToHex_input_half_L0
0x0005       [2]    memmove_ff_L0
0x0005       [2]    Ltrim_p_L0
0x0005       [1]    MM_TotalFreeMemSize_i_L0
0x0005       [2]    LongWordToHex_input_half_L0
0x0006       [1]    __Lib_MemManager_MM_GetMemAlign_i_L0
0x0006       [1]    R6
0x0007       [1]    R7
0x0007       [1]    __Lib_TFT_JPEG_GenerateHuffmanTables_bLength_L0
0x0007       [1]    __Lib_TFT_16bit_JPEG_GenerateHuffmanTables_bLength_L0
0x0008       [1]    R8
0x0008       [1]    __Lib_TFT_JPEG_GenerateHuffmanTables_bTable_L0
0x0008       [1]    __Lib_TFT_16bit_JPEG_GenerateHuffmanTables_bTable_L0
0x0009       [4]    __Lib_MmcFat16_f16_toLong_l_L0
0x0009       [1]    R9
0x000A       [1]    R10
0x000B       [1]    R11
0x000C       [1]    R12
0x000D       [1]    R13
0x000E       [1]    R14
0x000F       [1]    R15
0x0010       [1]    R16
0x0011       [1]    R17
0x0012       [1]    R18
0x0013       [1]    R19
0x0014       [1]    R20
0x0019       [4]    _x
0x001D       [2]    _tiempo
0x001F       [2]    _pulso
0x0021      [15]    _texto
0x0030       [0]    __Lib_Lcd_cmd_status
0x0031       [1]    FARG_Lcd_Out_row
0x0031       [2]    FARG_IntToStr_input
0x0032       [1]    FARG_Lcd_Out_column
0x0033       [2]    FARG_IntToStr_output
0x0033       [2]    FARG_Lcd_Out_text
0x0035       [2]    IntToStr_i_L0
0x0035       [1]    Lcd_Out_i_L0
0x0037       [2]    IntToStr_negative_L0
0x0039       [2]    IntToStr_inword_L0
0x003B       [2]    FARG_WordToStr_input
0x003B       [1]    FARG_Lcd_Chr_CP_out_char
0x003D       [2]    FARG_WordToStr_output
0x003F       [1]    WordToStr_len_L0
0x0040       [2]    FLOC__WordToStr
0x0042       [1]    FARG_Lcd_Cmd_out_char
0x0F83       [0]    LCD_D4
0x0F83       [0]    RD2_bit
0x0F83       [0]    RD4_bit
0x0F83       [0]    RD3_bit
0x0F83       [0]    LCD_D7
0x0F83       [0]    LCD_EN
0x0F83       [0]    LCD_D5
0x0F83       [0]    LCD_D6
0x0F83       [0]    LCD_RS
0x0F83       [0]    RD7_bit
0x0F83       [0]    RD5_bit
0x0F83       [0]    RD6_bit
0x0F93       [1]    TRISB
0x0F95       [0]    TRISD3_bit
0x0F95       [0]    TRISD2_bit
0x0F95       [0]    LCD_D6_Direction
0x0F95       [0]    LCD_RS_Direction
0x0F95       [0]    LCD_EN_Direction
0x0F95       [0]    LCD_D4_Direction
0x0F95       [0]    LCD_D5_Direction
0x0F95       [0]    TRISD5_bit
0x0F95       [0]    TRISD4_bit
0x0F95       [0]    LCD_D7_Direction
0x0F95       [0]    TRISD7_bit
0x0F95       [0]    TRISD6_bit
0x0FD0       [1]    RCON
0x0FD5       [1]    T0CON
0x0FD6       [1]    TMR0L
0x0FD7       [1]    TMR0H
0x0FD8       [1]    STATUS
0x0FD9       [1]    FSR2L
0x0FDA       [1]    FSR2H
0x0FDE       [1]    POSTINC2
0x0FE0       [1]    BSR
0x0FE1       [1]    FSR1L
0x0FE2       [1]    FSR1H
0x0FE4       [1]    PREINC1
0x0FE6       [1]    POSTINC1
0x0FE7       [1]    INDF1
0x0FE8       [1]    WREG
0x0FE9       [1]    FSR0L
0x0FEA       [1]    FSR0H
0x0FEE       [1]    POSTINC0
0x0FF2       [1]    INTCON
0x0FF3       [1]    PRODL
0x0FF4       [1]    PRODH
0x0FF5       [1]    TABLAT
0x0FF6       [1]    TBLPTRL
0x0FF7       [1]    TBLPTRH
0x0FF8       [1]    TBLPTRU
//** Label List: ** 
//----------------------------------------------
  L_interrupt0
  L_interrupt1
  L_interrupt2
  L_main3
  L_main4
  L__interrupt5
  L_end_interrupt
  _interrupt
  L__interrupt7
  L_end_main
  _main
  L_Delay_10us0
  L_Delay_22us1
  L_Delay_50us2
  L_Delay_80us3
  L_Delay_500us4
  L_Delay_5500us5
  L_Delay_1ms6
  L_Delay_5ms7
  L_Delay_8ms8
  L_Delay_100ms9
  L_Delay_10ms10
  L_Delay_1sec11
  L____Boot_Delay4k12
  L____Boot_Delay8k13
  L____Boot_Delay12k14
  L____Boot_Delay16k15
  L____Boot_Delay24k16
  L____Boot_Delay32k17
  L____Boot_Delay48k18
  L____Boot_Delay64k19
  L____Boot_Delay128k20
  L_Delay_Cyc21
  L_Delay_Cyc22
  L_VDelay_ms23
  L_VDelay_ms24
  L_VDelay_ms25
  L_VDelay_Advanced_ms26
  L_VDelay_Advanced_ms27
  L_VDelay_Advanced_ms28
  L_end_Get_Fosc_kHz
  _Get_Fosc_kHz
  L_end_Delay_1us
  _Delay_1us
  L_end_Delay_10us
  _Delay_10us
  L_end_Delay_22us
  _Delay_22us
  L_end_Delay_50us
  _Delay_50us
  L_end_Delay_80us
  _Delay_80us
  L_end_Delay_500us
  _Delay_500us
  L_end_Delay_5500us
  _Delay_5500us
  L_end_Delay_1ms
  _Delay_1ms
  L_end_Delay_5ms
  _Delay_5ms
  L_end_Delay_8ms
  _Delay_8ms
  L_end_Delay_100ms
  _Delay_100ms
  L_end_Delay_10ms
  _Delay_10ms
  L_end_Delay_1sec
  _Delay_1sec
  L_end____Boot_Delay4k
  ____Boot_Delay4k
  L_end____Boot_Delay8k
  ____Boot_Delay8k
  L_end____Boot_Delay12k
  ____Boot_Delay12k
  L_end____Boot_Delay16k
  ____Boot_Delay16k
  L_end____Boot_Delay24k
  ____Boot_Delay24k
  L_end____Boot_Delay32k
  ____Boot_Delay32k
  L_end____Boot_Delay48k
  ____Boot_Delay48k
  L_end____Boot_Delay64k
  ____Boot_Delay64k
  L_end____Boot_Delay128k
  ____Boot_Delay128k
  L_end_Delay_Cyc
  _Delay_Cyc
  L_end_VDelay_ms
  _VDelay_ms
  L__VDelay_ms54
  L__VDelay_ms55
  L__VDelay_ms56
  L_end_VDelay_Advanced_ms
  _VDelay_Advanced_ms
  L__VDelay_Advanced_ms58
  L__VDelay_Advanced_ms59
  L__VDelay_Advanced_ms60
  L_Lcd_Cmd0
  L_Lcd_Cmd1
  L_Lcd_Out_CP2
  L_Lcd_Out_CP3
  L_Lcd_Chr4
  L_Lcd_Chr5
  L_Lcd_Chr6
  L_Lcd_Chr7
  L_Lcd_Chr8
  L_Lcd_Chr9
  L_Lcd_Chr10
  L_Lcd_Out11
  L_Lcd_Out12
  L_Lcd_Out13
  L_Lcd_Out14
  L_Lcd_Out15
  L_Lcd_Out16
  L_Lcd_Out17
  L_Lcd_Out18
  L_Lcd_Out19
  L_end_Lcd_Cmd
  _Lcd_Cmd
  L__Lcd_Cmd21
  L__Lcd_Cmd22
  L__Lcd_Cmd23
  L__Lcd_Cmd24
  L__Lcd_Cmd25
  L__Lcd_Cmd26
  L__Lcd_Cmd27
  L__Lcd_Cmd28
  L__Lcd_Cmd29
  L__Lcd_Cmd30
  L__Lcd_Cmd31
  L__Lcd_Cmd32
  L__Lcd_Cmd33
  L__Lcd_Cmd34
  L__Lcd_Cmd35
  L__Lcd_Cmd36
  L__Lcd_Cmd37
  L__Lcd_Cmd38
  L__Lcd_Cmd39
  L__Lcd_Cmd40
  L_end_Lcd_Chr_CP
  _Lcd_Chr_CP
  L_end_Lcd_Out_CP
  _Lcd_Out_CP
  L_end_Lcd_Chr
  _Lcd_Chr
  L_end_Lcd_Init
  _Lcd_Init
  L_end_Lcd_Out
  _Lcd_Out
  _CC2D_Loop1
  _CC2DL_Loop1
  L_loopCA2AWs
  L_loopCCA2AWs
  L_loopCS2Ss
  L_CS2Send
  L_loopCCS2Ss
  L_CCS2Send
  L_loopFZinSWs
  L_longjmp7
  L_end___CC2D
  ___CC2D
  L_end___CC2DW
  ___CC2DW
  L_end___CA2AW
  ___CA2AW
  L_end___CCA2AW
  ___CCA2AW
  L_end___CS2S
  ___CS2S
  L_end___CCS2S
  ___CCS2S
  L_end___FZinS
  ___FZinS
  L_end_____DoIFC
  _____DoIFC
  L_end_Swap
  _Swap
  L_end_setjmp
  _setjmp
  L_end_longjmp
  _longjmp
  L_interrupt0
  L_interrupt1
  L_interrupt2
  L_main3
  L_main4
  L__interrupt5
  L_end_interrupt
  _interrupt
  L__interrupt7
  L_end_main
  _main
  L_ByteToStr0
  L_ByteToStr1
  L_ByteToStr2
  L_ByteToStr3
  L_ByteToStr4
  L_ByteToStr5
  L_WordToStr6
  L_WordToStr7
  L_WordToStr8
  L_WordToStr9
  L_WordToStr10
  L_WordToStr11
  L_WordToStrWithZeros12
  L_WordToStrWithZeros13
  L_WordToStrWithZeros14
  L_WordToStrWithZeros15
  L_WordToStrWithZeros16
  L_ShortToStr17
  L_ShortToStr18
  L_ShortToStr19
  L_ShortToStr20
  L_ShortToStr21
  L_ShortToStr22
  L_IntToStr23
  L_IntToStr24
  L_IntToStr25
  L_IntToStr26
  L_IntToStr27
  L_IntToStr28
  L_IntToStrWithZeros29
  L_IntToStrWithZeros30
  L_IntToStrWithZeros31
  L_IntToStrWithZeros32
  L_IntToStrWithZeros33
  L_IntToStrWithZeros34
  L_IntToStrWithZeros35
  L_IntToStrWithZeros36
  L_IntToStrWithZeros37
  L_LongWordToStr38
  L_LongWordToStr39
  L_LongWordToStr40
  L_LongWordToStr41
  L_LongWordToStr42
  L_LongWordToStr43
  L_LongWordToStrWithZeros44
  L_LongWordToStrWithZeros45
  L_LongWordToStrWithZeros46
  L_LongWordToStrWithZeros47
  L_LongWordToStrWithZeros48
  L_LongToStr49
  L_LongToStr50
  L_LongToStr51
  L_LongToStr52
  L_LongToStr53
  L_LongToStr54
  L_LongIntToStrWithZeros55
  L_LongIntToStrWithZeros56
  L_LongIntToStrWithZeros57
  L_LongIntToStrWithZeros58
  L_LongIntToStrWithZeros59
  L_LongIntToStrWithZeros60
  L_LongIntToStrWithZeros61
  L_LongIntToStrWithZeros62
  L_LongIntToStrWithZeros63
  L_Dec2Bcd64
  L_Dec2Bcd65
  L_Rtrim66
  L_Rtrim67
  L_Rtrim68
  L_Rtrim69
  L_Ltrim70
  L_Ltrim71
  L_Ltrim72
  L_Ltrim73
  L_Ltrim74
  L_Ltrim75
  L_FloatToStr76
  L_FloatToStr77
  L_FloatToStr78
  L_FloatToStr79
  L_FloatToStr80
  L_FloatToStr81
  L_FloatToStr82
  L_FloatToStr83
  L_FloatToStr84
  L_FloatToStr85
  L_FloatToStr86
  L_FloatToStr87
  L_FloatToStr88
  L_FloatToStr89
  L_FloatToStr90
  L_FloatToStr91
  L_FloatToStr92
  L_FloatToStr93
  L_FloatToStr94
  L_FloatToStr95
  L_FloatToStr96
  L_FloatToStr97
  L__Rtrim98
  L__Ltrim99
  L__FloatToStr100
  L_end_ByteToHex
  _ByteToHex
  L_end_ShortToHex
  _ShortToHex
  L_end_WordToHex
  _WordToHex
  L_end_IntToHex
  _IntToHex
  L_end_LongWordToHex
  _LongWordToHex
  L_end_LongIntToHex
  _LongIntToHex
  L_end_ByteToStr
  _ByteToStr
  L_end_WordToStr
  _WordToStr
  L__WordToStr109
  L_end_WordToStrWithZeros
  _WordToStrWithZeros
  L__WordToStrWithZeros111
  L_end_ShortToStr
  _ShortToStr
  L__ShortToStr113
  L_end_IntToStr
  _IntToStr
  L__IntToStr115
  L__IntToStr116
  L_end_IntToStrWithZeros
  _IntToStrWithZeros
  L__IntToStrWithZeros118
  L__IntToStrWithZeros119
  L__IntToStrWithZeros120
  L_end_LongWordToStr
  _LongWordToStr
  L__LongWordToStr122
  L__LongWordToStr123
  L_end_LongWordToStrWithZeros
  _LongWordToStrWithZeros
  L__LongWordToStrWithZeros125
  L_end_LongToStr
  _LongToStr
  L__LongToStr127
  L__LongToStr128
  L_end_LongIntToStrWithZeros
  _LongIntToStrWithZeros
  L__LongIntToStrWithZeros130
  L__LongIntToStrWithZeros131
  L__LongIntToStrWithZeros132
  L_end_Dec2Bcd
  _Dec2Bcd
  L_end_Bcd2Dec
  _Bcd2Dec
  L_end_Bcd2Dec16
  _Bcd2Dec16
  L__Bcd2Dec16136
  L__Bcd2Dec16137
  L_end_Dec2Bcd16
  _Dec2Bcd16
  L__Dec2Bcd16139
  L__Dec2Bcd16140
  L_end_Rtrim
  _Rtrim
  L__Rtrim142
  L_end_Ltrim
  _Ltrim
  L_end_FloatToStr
  _FloatToStr
  L__FloatToStr145
  L__FloatToStr146
  L__FloatToStr147
  L__FloatToStr148
  L__FloatToStr149
  L_Delay_10us0
  L_Delay_22us1
  L_Delay_50us2
  L_Delay_80us3
  L_Delay_500us4
  L_Delay_5500us5
  L_Delay_1ms6
  L_Delay_5ms7
  L_Delay_8ms8
  L_Delay_100ms9
  L_Delay_10ms10
  L_Delay_1sec11
  L____Boot_Delay4k12
  L____Boot_Delay8k13
  L____Boot_Delay12k14
  L____Boot_Delay16k15
  L____Boot_Delay24k16
  L____Boot_Delay32k17
  L____Boot_Delay48k18
  L____Boot_Delay64k19
  L____Boot_Delay128k20
  L_Delay_Cyc21
  L_Delay_Cyc22
  L_VDelay_ms23
  L_VDelay_ms24
  L_VDelay_ms25
  L_VDelay_Advanced_ms26
  L_VDelay_Advanced_ms27
  L_VDelay_Advanced_ms28
  L_end_Get_Fosc_kHz
  _Get_Fosc_kHz
  L_end_Delay_1us
  _Delay_1us
  L_end_Delay_10us
  _Delay_10us
  L_end_Delay_22us
  _Delay_22us
  L_end_Delay_50us
  _Delay_50us
  L_end_Delay_80us
  _Delay_80us
  L_end_Delay_500us
  _Delay_500us
  L_end_Delay_5500us
  _Delay_5500us
  L_end_Delay_1ms
  _Delay_1ms
  L_end_Delay_5ms
  _Delay_5ms
  L_end_Delay_8ms
  _Delay_8ms
  L_end_Delay_100ms
  _Delay_100ms
  L_end_Delay_10ms
  _Delay_10ms
  L_end_Delay_1sec
  _Delay_1sec
  L_end____Boot_Delay4k
  ____Boot_Delay4k
  L_end____Boot_Delay8k
  ____Boot_Delay8k
  L_end____Boot_Delay12k
  ____Boot_Delay12k
  L_end____Boot_Delay16k
  ____Boot_Delay16k
  L_end____Boot_Delay24k
  ____Boot_Delay24k
  L_end____Boot_Delay32k
  ____Boot_Delay32k
  L_end____Boot_Delay48k
  ____Boot_Delay48k
  L_end____Boot_Delay64k
  ____Boot_Delay64k
  L_end____Boot_Delay128k
  ____Boot_Delay128k
  L_end_Delay_Cyc
  _Delay_Cyc
  L_end_VDelay_ms
  _VDelay_ms
  L__VDelay_ms54
  L__VDelay_ms55
  L__VDelay_ms56
  L_end_VDelay_Advanced_ms
  _VDelay_Advanced_ms
  L__VDelay_Advanced_ms58
  L__VDelay_Advanced_ms59
  L__VDelay_Advanced_ms60
  L_Lcd_Cmd0
  L_Lcd_Cmd1
  L_Lcd_Out_CP2
  L_Lcd_Out_CP3
  L_Lcd_Chr4
  L_Lcd_Chr5
  L_Lcd_Chr6
  L_Lcd_Chr7
  L_Lcd_Chr8
  L_Lcd_Chr9
  L_Lcd_Chr10
  L_Lcd_Out11
  L_Lcd_Out12
  L_Lcd_Out13
  L_Lcd_Out14
  L_Lcd_Out15
  L_Lcd_Out16
  L_Lcd_Out17
  L_Lcd_Out18
  L_Lcd_Out19
  L_end_Lcd_Cmd
  _Lcd_Cmd
  L__Lcd_Cmd21
  L__Lcd_Cmd22
  L__Lcd_Cmd23
  L__Lcd_Cmd24
  L__Lcd_Cmd25
  L__Lcd_Cmd26
  L__Lcd_Cmd27
  L__Lcd_Cmd28
  L__Lcd_Cmd29
  L__Lcd_Cmd30
  L__Lcd_Cmd31
  L__Lcd_Cmd32
  L__Lcd_Cmd33
  L__Lcd_Cmd34
  L__Lcd_Cmd35
  L__Lcd_Cmd36
  L__Lcd_Cmd37
  L__Lcd_Cmd38
  L__Lcd_Cmd39
  L__Lcd_Cmd40
  L_end_Lcd_Chr_CP
  _Lcd_Chr_CP
  L_end_Lcd_Out_CP
  _Lcd_Out_CP
  L_end_Lcd_Chr
  _Lcd_Chr
  L_end_Lcd_Init
  _Lcd_Init
  L_end_Lcd_Out
  _Lcd_Out
  L_Div_16x16_S0
  L_Div_16x16_S1
  LOOPS3232A
  SADD22LA
  SOK22LA
  SADD22L8
  SOK22L8
  LOOPS3232B
  SADD22LB
  SOK22LB
  SADD22L16
  SOK22L16
  LOOPS3232C
  SADD22LC
  SOK22LC
  SADD22L24
  SOK22L24
  LOOPS3232D
  SADD22LD
  SOK22LD
  SOK22L
  L_Div_32x32_S6
  L_Div_32x32_S7
  L_Div_32x32_S8
  L_Div_32x32_S9
  FXD3232S
  END_ALL
  CA3232S
  C3232SX
  C3232SX1
  C3232S
  C3232S2
  C3232SX4
  C3232SOK
  C3232SX3
  C3232SX2
  avoid_comfrem
  LOOPU3232A
  UADD22LA
  UOK22LA
  UADD22L8
  UOK22L8
  LOOPU3232B
  UADD22LB
  UOK22LB
  UADD22L16
  UOK22L16
  LOOPU3232C
  UADD22LC
  UOK22LC
  UADD22L24
  UOK22L24
  LOOPU3232D
  UADD22LD
  UOK22LD
  UOK22L
  _NEXT
  _EXIT2
  _LOOP
  _EXIT1
  _IF_FIRST
  _IF_SECOND
  _INVERCE_FIRST
  _MULT
  _INBERSE_SECOND
  _EXIT
  L_end_Div_8x8_U
  _Div_8x8_U
  L_end_Div_16x16_U
  _Div_16x16_U
  L_end_Div_16x16_S_L
  _Div_16x16_S_L
  L_end_Div_16x16_S
  _Div_16x16_S
  L_end_Div_8x8_S
  _Div_8x8_S
  L_end_Mul_8x8_S
  _Mul_8x8_S
  L_end_Mul_16x16_U
  _Mul_16x16_U
  L_end_Mul_16x16_S
  _Mul_16x16_S
  L_end_SDIV3232L
  _SDIV3232L
  L_end_COMFREM
  _COMFREM
  L_end_Div_32x32_S
  _Div_32x32_S
  L_end_Div_32x32_U
  _Div_32x32_U
  L_end_Mul_32x32_U
  _Mul_32x32_U
  L_end_Mul_32x32_S
  _Mul_32x32_S
  SETFOV32EEE
  SETFUN32EEE
  NRMRND4032
  NRM40JPSETFOV32
  NRM4032
  NRM4032A
  TNIB4032
  NORM4032
  TNORMUN4032
  NRM40JPSETFUN32
  NRM40JPFIXSIGN32
  NRM4032B
  TNIB4032A
  NORM4032A
  NRM4032C
  TNIB4032B
  NORM4032B
  NRM40JPRES032
  TNIB4032C
  NORM4032C
  NRM40EEE
  NORM3232
  JPNRES032
  JPNSETFUN32
  NORM3232A
  JMPNFIXSIGN32
  NORM32EEE
  SETIOV3224EEE
  FPA32
  USEA32
  USEB32
  BRETURN32
  BLIGNED32
  BNIB32
  BNIB32A
  BNIB32B
  BNIB32C
  ADDEOK
  BLOOP32C
  BLOOP32B
  BLOOP32A
  BLOOP32
  AOK32
  BNE032
  ALIGNED32
  ANIB32
  ANIB32A
  ANIB32B
  ANIB32C
  ALOOP32C
  ALOOP32B
  ALOOP32A
  ALOOP32
  ACOMP32
  ADDJPNRMRND4032
  ADDJPSETFOV32
  ADDJPNRM4032
  ADDEEE
  FPS32
  FPM32
  MULJPRES032
  M32BNE0
  MTUN32
  MULJPSETFOV32
  MOK32
  MULJPSETFUN32
  MROUND32
  MUL32OK
  MULEEE
  L_Div_32x32_FP11
  L_Div_32x32_FP12
  L_Div_32x32_FP13
  L_Div_32x32_FP14
  FPD32
  JPDSETFDZ32
  JPDRES032
  D32BNE0
  TALIGN32
  TS1ALIGN32
  TS2ALIGN32
  DALIGN32OK
  ALTB32
  AGEB32
  JPDSETFOV32
  DARGOK32
  JPDSETFUN32
  DLOOP32
  DS132
  DS232
  DREST32
  DOK32
  DAREST32
  DROUND32
  DIV32OK
  DIV32EEE
  INT3232U
  INT3232UEOK
  SETEXP32U
  SETIOV32U
  TSHIFT3232U
  SHIFT3232UOK
  SHIFT3232U
  INT3232UOK
  JPLSETIOV3224
  IRES032U
  INT3232UEER
  INT3232UEEE
  INT3232
  INT3232EOK
  SETIOV32
  TSHIFT3232
  SHIFT3232OK
  SHIFT3232
  INT3232OK
  JPISETIOV3224
  IRES032
  INT3232EER
  INT3232EEE
  INT3216
  IRES016
  SETIOV16
  TSHIFT3216
  SHIFT3216OK
  SHIFT3216
  INT3216OK
  JPJSETIOV3224
  INT3216EOK
  INT3216EER
  INT3216EEE
  INT3216U
  IRES016U
  SETEXP16U
  SETIOV16U
  TSHIFT3216U
  SHIFT3216UOK
  SHIFT3216U
  INT3216UOK
  JPKSETIOV3224
  INT3216UEOK
  INT3216UEER
  INT3216UEEE
  INT32U08
  IRES008
  SETEXP08
  SETIOV08
  TSHIFT3208
  SHIFT3208OK
  SHIFT3208
  INT3208OK
  D2B_JPKSETIOV3224
  INT3208EOK
  INT3208EER
  INT3208EEE
  FLO08U32
  FLO1632
  FLO1632EEE
  FLO16U32
  FLO3232
  FLO3232EEE
  FLO32U32
  EQU_FALSE
  COMPARE_EQU
  COMPARE_NOTZERO
  COMPARE_XNOTZERO
  COMPARE_YNOTZERO
  COMPARE_LT
  COMPARE_GT
  COMPARE_TESTALL
  COMPARE_C1
  GT_FALSE
  GT_TRUE
  COMPARE_C2
  COMPARE_C3
  L_end_SETFOV32
  _SETFOV32
  L_end_SETFDZ32
  _SETFDZ32
  L_end_FIXSIGN32
  _FIXSIGN32
  L_end_RES032
  _RES032
  L_end_SETFUN32
  _SETFUN32
  L_end_NRM4032
  _NRM4032
  L_end_NRM3232
  _NRM3232
  L_end_SETIOV3224
  _SETIOV3224
  L_end_Add_32x32_FP
  _Add_32x32_FP
  L_end_Sub_32x32_FP
  _Sub_32x32_FP
  L_end_Mul_32x32_FP
  _Mul_32x32_FP
  L_end_Div_32x32_FP
  _Div_32x32_FP
  L_end_Double2Longword
  _Double2Longword
  L_end_Double2Longint
  _Double2Longint
  L_end_Double2Int
  _Double2Int
  L_end_Double2Word
  _Double2Word
  L_end_Double2Byte
  _Double2Byte
  L_end_Byte2Double
  _Byte2Double
  L_end_Int2Double
  _Int2Double
  L_end_Word2Double
  _Word2Double
  L_end_Longint2Double
  _Longint2Double
  L_end_Longword2Double
  _Longword2Double
  L_end_Equals_Double
  _Equals_Double
  L_end_Compare_Double
  _Compare_Double
